Modular Diffusers is currently an experimental feature under active development. The API is subject to breaking changes in future releases.
Skipping import of cpp extensions due to incompatible torch version 2.9.0+cu130 for torchao version 0.15.0+cu130             Please see https://github.com/pytorch/ao/issues/2919 for more info
Fetching 6 files:   0%|          | 0/6 [00:00<?, ?it/s]Fetching 6 files: 100%|██████████| 6/6 [00:00<00:00, 73156.47it/s]
Warning: Could not load sageattention: No module named 'sageattention'
sageattention package is not installed
SAGEATTN_AVAILABLE: False
TRITON_ROTARY_AVAILABLE: True, USE_TRITON_ROTARY: True
TRITON_ROPE_FUSED_AVAILABLE: True, USE_TRITON_ROPE_FUSED: True
CUDA device: NVIDIA B300 SXM6 AC
Compute capability: (10, 3)
torch: 2.9.0+cu130 (cuda=13.0)
cudnn.benchmark: True
Loaded diffusion model in 0.077569s
Loaded text encoder in 0.343359s
Loaded VAE in 0.136s
Warmed up (3 runs) in 13.33s
iter=000 frames=  9 seconds=0.4900 fps=18.37
iter=001 frames= 12 seconds=0.5300 fps=22.64
iter=002 frames= 12 seconds=0.5645 fps=21.26
iter=003 frames= 12 seconds=0.5597 fps=21.44
iter=004 frames= 12 seconds=0.5575 fps=21.53
iter=005 frames= 12 seconds=0.5561 fps=21.58

Avg FPS (skip=2): 21.45
