Modular Diffusers is currently an experimental feature under active development. The API is subject to breaking changes in future releases.
Skipping import of cpp extensions due to incompatible torch version 2.9.0+cu130 for torchao version 0.15.0             Please see https://github.com/pytorch/ao/issues/2919 for more info
WARNING:scope.core.pipelines.krea_realtime_video.modules.causal_model:KV-bias flash backend failed; falling back to Triton: No module named 'flash_attn'
Warning: Could not load sageattention: No module named 'sageattention'
sageattention package is not installed
SAGEATTN_AVAILABLE: False
TRITON_ROTARY_AVAILABLE: True, USE_TRITON_ROTARY: True
TRITON_ROPE_FUSED_AVAILABLE: True, USE_TRITON_ROPE_FUSED: True
CUDA device: NVIDIA B300 SXM6 AC
Compute capability: (10, 3)
torch: 2.9.0+cu130 (cuda=13.0)
cudnn.benchmark: True
Loaded diffusion model in 0.078146s
Loaded text encoder in 0.440345s
Loaded VAE in 0.136s
Warmed up (3 runs) in 65.39s
iter=000 frames=  9 seconds=20.9698 fps=0.43
iter=001 frames= 12 seconds=11.1121 fps=1.08
iter=002 frames= 12 seconds=11.1455 fps=1.08
iter=003 frames= 12 seconds=11.1469 fps=1.08
iter=004 frames= 12 seconds=11.1426 fps=1.08
iter=005 frames= 12 seconds=11.1410 fps=1.08

Avg FPS (skip=2): 1.08
Wrote per-iter JSON: outputs/b300_cu130_qnone_bias03_perf_rerun2.json
