Modular Diffusers is currently an experimental feature under active development. The API is subject to breaking changes in future releases.
Skipping import of cpp extensions due to incompatible torch version 2.9.0+cu130 for torchao version 0.15.0+cu130             Please see https://github.com/pytorch/ao/issues/2919 for more info
Fetching 6 files:   0%|          | 0/6 [00:00<?, ?it/s]Fetching 6 files: 100%|██████████| 6/6 [00:00<00:00, 135300.13it/s]
Warning: Could not load sageattention: No module named 'sageattention'
sageattention package is not installed
SAGEATTN_AVAILABLE: False
TRITON_ROTARY_AVAILABLE: True, USE_TRITON_ROTARY: True
TRITON_ROPE_FUSED_AVAILABLE: True, USE_TRITON_ROPE_FUSED: True
CUDA device: NVIDIA B300 SXM6 AC
Compute capability: (10, 3)
torch: 2.9.0+cu130 (cuda=13.0)
cudnn.benchmark: True
Loaded diffusion model in 0.077168s
Loaded text encoder in 0.314163s
Loaded VAE in 0.136s
Warmed up (3 runs) in 19.48s
iter=000 frames=  9 seconds=0.3678 fps=24.47
iter=001 frames= 12 seconds=0.3827 fps=31.35
iter=002 frames= 12 seconds=0.3938 fps=30.48
iter=003 frames= 12 seconds=0.3882 fps=30.91
iter=004 frames= 12 seconds=0.3904 fps=30.74
iter=005 frames= 12 seconds=0.3893 fps=30.82

Avg FPS (skip=2): 30.74
