Modular Diffusers is currently an experimental feature under active development. The API is subject to breaking changes in future releases.
Skipping import of cpp extensions due to incompatible torch version 2.9.0+cu130 for torchao version 0.15.0+cu130             Please see https://github.com/pytorch/ao/issues/2919 for more info
Fetching 6 files:   0%|          | 0/6 [00:00<?, ?it/s]Fetching 6 files: 100%|██████████| 6/6 [00:00<00:00, 119269.31it/s]
Warning: Could not load sageattention: No module named 'sageattention'
sageattention package is not installed
SAGEATTN_AVAILABLE: False
TRITON_ROTARY_AVAILABLE: True, USE_TRITON_ROTARY: True
TRITON_ROPE_FUSED_AVAILABLE: True, USE_TRITON_ROPE_FUSED: True
CUDA device: NVIDIA B300 SXM6 AC
Compute capability: (10, 3)
torch: 2.9.0+cu130 (cuda=13.0)
cudnn.benchmark: True
Loaded diffusion model in 0.077353s
Loaded text encoder in 0.310421s
Loaded VAE in 0.138s
Warmed up (3 runs) in 12.98s
iter=000 frames=  9 seconds=0.5000 fps=18.00
iter=001 frames= 12 seconds=0.5329 fps=22.52
iter=002 frames= 12 seconds=0.5675 fps=21.15
iter=003 frames= 12 seconds=0.5650 fps=21.24
iter=004 frames= 12 seconds=0.5625 fps=21.33
iter=005 frames= 12 seconds=0.5607 fps=21.40

Avg FPS (skip=2): 21.28
Wrote per-iter JSON: outputs/b300_cu130_none_bias0.3_no_fuseproj_compile_blocks_perf.json
