Modular Diffusers is currently an experimental feature under active development. The API is subject to breaking changes in future releases.
Skipping import of cpp extensions due to incompatible torch version 2.9.0+cu130 for torchao version 0.15.0+cu130             Please see https://github.com/pytorch/ao/issues/2919 for more info
Fetching 6 files:   0%|          | 0/6 [00:00<?, ?it/s]Fetching 6 files: 100%|██████████| 6/6 [00:00<00:00, 137518.16it/s]
/root/scope/.venv-b300-cu130-decode/lib/python3.12/site-packages/torch/__init__.py:1617: UserWarning: Please use the new API settings to control TF32 behavior, such as torch.backends.cudnn.conv.fp32_precision = 'tf32' or torch.backends.cuda.matmul.fp32_precision = 'ieee'. Old settings, e.g, torch.backends.cuda.matmul.allow_tf32 = True, torch.backends.cudnn.allow_tf32 = True, allowTF32CuDNN() and allowTF32CuBLAS() will be deprecated after Pytorch 2.9. Please see https://pytorch.org/docs/main/notes/cuda.html#tensorfloat-32-tf32-on-ampere-and-later-devices (Triggered internally at /pytorch/aten/src/ATen/Context.cpp:80.)
  _C._set_float32_matmul_precision(precision)
Warning: Could not load sageattention: No module named 'sageattention'
sageattention package is not installed
SAGEATTN_AVAILABLE: False
TRITON_ROTARY_AVAILABLE: True, USE_TRITON_ROTARY: True
TRITON_ROPE_FUSED_AVAILABLE: True, USE_TRITON_ROPE_FUSED: True
CUDA device: NVIDIA B300 SXM6 AC
Compute capability: (10, 3)
torch: 2.9.0+cu130 (cuda=13.0)
cudnn.benchmark: True
Loaded diffusion model in 0.077503s
Quantized diffusion model to fp8 in 4.358s
Loaded text encoder in 0.309188s
Loaded VAE in 0.129s
Warmed up (3 runs) in 20.32s
iter=000 frames=  9 seconds=5.4272 fps=1.66
iter=001 frames= 12 seconds=4.7574 fps=2.52
iter=002 frames= 12 seconds=4.9294 fps=2.43
iter=003 frames= 12 seconds=4.9385 fps=2.43
iter=004 frames= 12 seconds=4.9347 fps=2.43
iter=005 frames= 12 seconds=4.8592 fps=2.47

Avg FPS (skip=2): 2.44
Wrote per-iter JSON: outputs/b300_cu130_fp8_e4m3fn_bias0.3_kvbias_flash.json
=== Attention Profiling Report ===
  self_attn: 8561.0ms (80.1%) [800 calls, 10.70ms/call]
  ffn: 575.8ms (5.4%) [800 calls, 0.72ms/call]
  self_attn_kv_bias_flash: 530.6ms (5.0%) [640 calls, 0.83ms/call]
  cross_attn: 448.9ms (4.2%) [800 calls, 0.56ms/call]
  qkv_projection: 374.9ms (3.5%) [800 calls, 0.47ms/call]
  output_projection: 120.8ms (1.1%) [800 calls, 0.15ms/call]
  self_attn_block_mask: 29.3ms (0.3%) [160 calls, 0.18ms/call]
  cache_update: 25.8ms (0.2%) [640 calls, 0.04ms/call]
  rope_apply: 19.7ms (0.2%) [640 calls, 0.03ms/call]
  TOTAL: 10686.8ms
=== Transformer Block Split (top-level) ===
  self_attn: 8561.0ms (89.3%)
  cross_attn: 448.9ms (4.7%)
  ffn: 575.8ms (6.0%)
=== p_bias vs p_recompute ===
  p_bias (Kernel B):     94.8%
  p_recompute (Kernel A): 5.2%
  p_plain (FA path):     0.0%
=== self_attn Breakdown (nested) ===
  kv_bias_total:   530.6ms (6.2% of self_attn)
  block_mask:      29.3ms (0.3% of self_attn)
  plain_kv:        0.0ms (0.0% of self_attn)
  other_in_self:   8001.1ms (93.5% of self_attn)
