Modular Diffusers is currently an experimental feature under active development. The API is subject to breaking changes in future releases.
Skipping import of cpp extensions due to incompatible torch version 2.9.0+cu130 for torchao version 0.15.0+cu130             Please see https://github.com/pytorch/ao/issues/2919 for more info
Fetching 6 files:   0%|          | 0/6 [00:00<?, ?it/s]Fetching 6 files: 100%|██████████| 6/6 [00:00<00:00, 129055.51it/s]
KV-bias enabled (bias=0.3) using backend=fa4 (fa4_available=True, triton_kernel_b=False)
Warning: Could not load sageattention: No module named 'sageattention'
sageattention package is not installed
SAGEATTN_AVAILABLE: False
TRITON_ROTARY_AVAILABLE: True, USE_TRITON_ROTARY: True
TRITON_ROPE_FUSED_AVAILABLE: True, USE_TRITON_ROPE_FUSED: True
CUDA device: NVIDIA B300 SXM6 AC
Compute capability: (10, 3)
torch: 2.9.0+cu130 (cuda=13.0)
cudnn.benchmark: True
Loaded diffusion model in 0.077425s
Loaded text encoder in 0.329925s
Loaded VAE in 0.137s
Warmed up (3 runs) in 7.95s
iter=000 frames=  9 seconds=0.4574 fps=19.68
iter=001 frames= 12 seconds=0.5062 fps=23.71
iter=002 frames= 12 seconds=0.5168 fps=23.22
iter=003 frames= 12 seconds=0.5137 fps=23.36

Avg FPS (skip=1): 23.43
Wrote per-iter JSON: outputs/b300_cu130_none_bias0.3_drilldown_post_vae_fix_perf.json
=== Attention Profiling Report ===
  self_attn: 747.6ms (41.8%) [600 calls, 1.25ms/call]
  ffn: 301.3ms (16.9%) [600 calls, 0.50ms/call]
  self_attn_kv_bias_fa4: 206.2ms (11.5%) [480 calls, 0.43ms/call]
  cross_attn: 163.4ms (9.1%) [600 calls, 0.27ms/call]
  qkv_projection: 157.2ms (8.8%) [600 calls, 0.26ms/call]
  output_projection: 67.4ms (3.8%) [600 calls, 0.11ms/call]
  rope_apply: 59.2ms (3.3%) [480 calls, 0.12ms/call]
  cache_update: 48.2ms (2.7%) [480 calls, 0.10ms/call]
  self_attn_block_mask: 35.9ms (2.0%) [120 calls, 0.30ms/call]
  TOTAL: 1786.4ms
=== Transformer Block Split (top-level) ===
  self_attn: 747.6ms (61.7%)
  cross_attn: 163.4ms (13.5%)
  ffn: 301.3ms (24.9%)
=== p_bias vs p_recompute ===
  p_bias (Kernel B):     85.2%
  p_recompute (Kernel A): 14.8%
  p_plain (FA path):     0.0%
=== self_attn Breakdown (nested) ===
  kv_bias_total:   206.2ms (27.6% of self_attn)
  block_mask:      35.9ms (4.8% of self_attn)
  plain_kv:        0.0ms (0.0% of self_attn)
  other_in_self:   505.5ms (67.6% of self_attn)
