Modular Diffusers is currently an experimental feature under active development. The API is subject to breaking changes in future releases.
Skipping import of cpp extensions due to incompatible torch version 2.9.0+cu130 for torchao version 0.15.0+cu130             Please see https://github.com/pytorch/ao/issues/2919 for more info
Fetching 6 files:   0%|          | 0/6 [00:00<?, ?it/s]Fetching 6 files: 100%|██████████| 6/6 [00:00<00:00, 130392.87it/s]
Warning: Could not load sageattention: No module named 'sageattention'
sageattention package is not installed
SAGEATTN_AVAILABLE: False
TRITON_ROTARY_AVAILABLE: True, USE_TRITON_ROTARY: True
TRITON_ROPE_FUSED_AVAILABLE: True, USE_TRITON_ROPE_FUSED: True
CUDA device: NVIDIA B300 SXM6 AC
Compute capability: (10, 3)
torch: 2.9.0+cu130 (cuda=13.0)
cudnn.benchmark: True
Loaded diffusion model in 0.079757s
Loaded text encoder in 0.307617s
Loaded VAE in 0.137s
Warmed up (3 runs) in 12.73s
iter=000 frames=  9 seconds=0.4882 fps=18.44
iter=001 frames= 12 seconds=0.5261 fps=22.81
iter=002 frames= 12 seconds=0.5604 fps=21.41
iter=003 frames= 12 seconds=0.5580 fps=21.51
iter=004 frames= 12 seconds=0.5563 fps=21.57
iter=005 frames= 12 seconds=0.5564 fps=21.57

Avg FPS (skip=2): 21.51
