Modular Diffusers is currently an experimental feature under active development. The API is subject to breaking changes in future releases.
Skipping import of cpp extensions due to incompatible torch version 2.9.0+cu130 for torchao version 0.15.0+cu130             Please see https://github.com/pytorch/ao/issues/2919 for more info
Fetching 6 files:   0%|          | 0/6 [00:00<?, ?it/s]Fetching 6 files: 100%|██████████| 6/6 [00:00<00:00, 109416.63it/s]
Warning: Could not load sageattention: No module named 'sageattention'
sageattention package is not installed
SAGEATTN_AVAILABLE: False
TRITON_ROTARY_AVAILABLE: True, USE_TRITON_ROTARY: True
TRITON_ROPE_FUSED_AVAILABLE: True, USE_TRITON_ROPE_FUSED: True
CUDA device: NVIDIA B300 SXM6 AC
Compute capability: (10, 3)
torch: 2.9.0+cu130 (cuda=13.0)
cudnn.benchmark: True
Loaded diffusion model in 0.077555s
Loaded text encoder in 0.313733s
Loaded VAE in 0.139s
Warmed up (3 runs) in 12.72s
iter=000 frames=  9 seconds=0.3240 fps=27.77
iter=001 frames= 12 seconds=0.3508 fps=34.21
iter=002 frames= 12 seconds=0.3622 fps=33.13
iter=003 frames= 12 seconds=0.3649 fps=32.88
iter=004 frames= 12 seconds=0.3603 fps=33.31
iter=005 frames= 12 seconds=0.3576 fps=33.56
iter=006 frames= 12 seconds=0.3553 fps=33.77
iter=007 frames= 12 seconds=0.3535 fps=33.94
iter=008 frames= 12 seconds=0.3526 fps=34.03
iter=009 frames= 12 seconds=0.3614 fps=33.20

Avg FPS (skip=3): 33.53
Wrote per-iter JSON: outputs/b300_cu130_none_bias0.3_compile_drilldown_2025-12-27_perf.json
