Modular Diffusers is currently an experimental feature under active development. The API is subject to breaking changes in future releases.
Skipping import of cpp extensions due to incompatible torch version 2.9.0+cu130 for torchao version 0.15.0+cu130             Please see https://github.com/pytorch/ao/issues/2919 for more info
Fetching 6 files:   0%|          | 0/6 [00:00<?, ?it/s]Fetching 6 files: 100%|██████████| 6/6 [00:00<00:00, 128397.06it/s]
Warning: Could not load sageattention: No module named 'sageattention'
sageattention package is not installed
SAGEATTN_AVAILABLE: False
TRITON_ROTARY_AVAILABLE: True, USE_TRITON_ROTARY: True
TRITON_ROPE_FUSED_AVAILABLE: True, USE_TRITON_ROPE_FUSED: True
CUDA device: NVIDIA B300 SXM6 AC
Compute capability: (10, 3)
torch: 2.9.0+cu130 (cuda=13.0)
cudnn.benchmark: True
Loaded diffusion model in 0.076697s
Loaded text encoder in 0.321977s
Loaded VAE in 0.139s
Warmed up (3 runs) in 19.18s
iter=000 frames=  9 seconds=0.3662 fps=24.58
iter=001 frames= 12 seconds=0.3797 fps=31.61
iter=002 frames= 12 seconds=0.3964 fps=30.27
iter=003 frames= 12 seconds=0.3914 fps=30.66
iter=004 frames= 12 seconds=0.3871 fps=31.00
iter=005 frames= 12 seconds=0.3856 fps=31.12

Avg FPS (skip=2): 30.76
