Modular Diffusers is currently an experimental feature under active development. The API is subject to breaking changes in future releases.
Skipping import of cpp extensions due to incompatible torch version 2.9.0+cu130 for torchao version 0.15.0+cu130             Please see https://github.com/pytorch/ao/issues/2919 for more info
Fetching 6 files:   0%|          | 0/6 [00:00<?, ?it/s]Fetching 6 files: 100%|██████████| 6/6 [00:00<00:00, 136031.48it/s]
Warning: Could not load sageattention: No module named 'sageattention'
sageattention package is not installed
SAGEATTN_AVAILABLE: False
TRITON_ROTARY_AVAILABLE: True, USE_TRITON_ROTARY: True
TRITON_ROPE_FUSED_AVAILABLE: True, USE_TRITON_ROPE_FUSED: True
CUDA device: NVIDIA B300 SXM6 AC
Compute capability: (10, 3)
torch: 2.9.0+cu130 (cuda=13.0)
cudnn.benchmark: True
Loaded diffusion model in 0.078715s
Loaded text encoder in 0.327707s
Loaded VAE in 0.136s
Warmed up (3 runs) in 15.68s
iter=000 frames=  9 seconds=0.3174 fps=28.36
iter=001 frames= 12 seconds=0.3423 fps=35.06
iter=002 frames= 12 seconds=0.3530 fps=34.00
iter=003 frames= 12 seconds=0.3496 fps=34.32
iter=004 frames= 12 seconds=0.3513 fps=34.16
iter=005 frames= 12 seconds=0.3471 fps=34.57
iter=006 frames= 12 seconds=0.3471 fps=34.57
iter=007 frames= 12 seconds=0.3452 fps=34.76
iter=008 frames= 12 seconds=0.3455 fps=34.73
iter=009 frames= 12 seconds=0.3497 fps=34.32

Avg FPS (skip=3): 34.49
