Modular Diffusers is currently an experimental feature under active development. The API is subject to breaking changes in future releases.
Skipping import of cpp extensions due to incompatible torch version 2.9.0+cu130 for torchao version 0.15.0+cu130             Please see https://github.com/pytorch/ao/issues/2919 for more info
Fetching 6 files:   0%|          | 0/6 [00:00<?, ?it/s]Fetching 6 files: 100%|██████████| 6/6 [00:00<00:00, 122760.12it/s]
Warning: Could not load sageattention: No module named 'sageattention'
sageattention package is not installed
SAGEATTN_AVAILABLE: False
TRITON_ROTARY_AVAILABLE: True, USE_TRITON_ROTARY: True
TRITON_ROPE_FUSED_AVAILABLE: True, USE_TRITON_ROPE_FUSED: True
CUDA device: NVIDIA B300 SXM6 AC
Compute capability: (10, 3)
torch: 2.9.0+cu130 (cuda=13.0)
cudnn.benchmark: True
Loaded diffusion model in 0.078084s
Loaded text encoder in 0.302404s
Loaded VAE in 0.135s
Warmed up (3 runs) in 16.22s
iter=000 frames=  9 seconds=0.3756 fps=23.96
iter=001 frames= 12 seconds=0.3856 fps=31.12
iter=002 frames= 12 seconds=0.4049 fps=29.63
iter=003 frames= 12 seconds=0.3986 fps=30.10
iter=004 frames= 12 seconds=0.3947 fps=30.40
iter=005 frames= 12 seconds=0.3939 fps=30.46

Avg FPS (skip=2): 30.15
