Modular Diffusers is currently an experimental feature under active development. The API is subject to breaking changes in future releases.
Skipping import of cpp extensions due to incompatible torch version 2.9.0+cu130 for torchao version 0.15.0             Please see https://github.com/pytorch/ao/issues/2919 for more info
WARNING:scope.core.pipelines.krea_realtime_video.modules.causal_model:KV-bias flash backend failed; falling back to Triton: No module named 'flash_attn'
Warning: Could not load sageattention: No module named 'sageattention'
sageattention package is not installed
SAGEATTN_AVAILABLE: False
TRITON_ROTARY_AVAILABLE: True, USE_TRITON_ROTARY: True
TRITON_ROPE_FUSED_AVAILABLE: True, USE_TRITON_ROPE_FUSED: True
CUDA device: NVIDIA B300 SXM6 AC
Compute capability: (10, 3)
torch: 2.9.0+cu130 (cuda=13.0)
cudnn.benchmark: True
Loaded diffusion model in 0.076683s
Loaded text encoder in 0.469682s
Loaded VAE in 0.137s
Warmed up (3 runs) in 83.49s
iter=000 frames=  9 seconds=44.2185 fps=0.20
iter=001 frames= 12 seconds=23.1478 fps=0.52
iter=002 frames= 12 seconds=15.8341 fps=0.76
iter=003 frames= 12 seconds=11.1490 fps=1.08

Avg FPS (skip=1): 0.78
Wrote per-iter JSON: outputs/b300_cu130_qnone_bias03_perf_blockmask_sdpa.json
