Modular Diffusers is currently an experimental feature under active development. The API is subject to breaking changes in future releases.
Skipping import of cpp extensions due to incompatible torch version 2.9.0+cu130 for torchao version 0.15.0+cu130             Please see https://github.com/pytorch/ao/issues/2919 for more info
Fetching 6 files:   0%|          | 0/6 [00:00<?, ?it/s]Fetching 6 files: 100%|██████████| 6/6 [00:00<00:00, 68759.08it/s]
Warning: Could not load sageattention: No module named 'sageattention'
sageattention package is not installed
SAGEATTN_AVAILABLE: False
TRITON_ROTARY_AVAILABLE: True, USE_TRITON_ROTARY: True
TRITON_ROPE_FUSED_AVAILABLE: True, USE_TRITON_ROPE_FUSED: True
CUDA device: NVIDIA B300 SXM6 AC
Compute capability: (10, 3)
torch: 2.9.0+cu130 (cuda=13.0)
cudnn.benchmark: False
Loaded diffusion model in 0.076436s
Loaded text encoder in 0.301755s
Loaded VAE in 0.130s
Warmed up (3 runs) in 14.73s
Pre-warm (outside timing): 1 iteration(s)
iter=000 frames= 12 seconds=0.2017 fps=59.48
iter=001 frames= 12 seconds=0.2009 fps=59.72
iter=002 frames= 12 seconds=0.2005 fps=59.84
iter=003 frames= 12 seconds=0.2008 fps=59.76

Avg FPS (skip=1): 59.77
Wrote per-iter JSON: outputs/b300_v2v_256_cpu_v2_perf.json
