Modular Diffusers is currently an experimental feature under active development. The API is subject to breaking changes in future releases.
Skipping import of cpp extensions due to incompatible torch version 2.9.0+cu130 for torchao version 0.15.0+cu130             Please see https://github.com/pytorch/ao/issues/2919 for more info
Fetching 6 files:   0%|          | 0/6 [00:00<?, ?it/s]Fetching 6 files: 100%|██████████| 6/6 [00:00<00:00, 131758.24it/s]
KV-bias enabled (bias=0.3) using backend=fa4 (fa4_available=True, triton_kernel_b=False)
Warning: Could not load sageattention: No module named 'sageattention'
sageattention package is not installed
SAGEATTN_AVAILABLE: False
TRITON_ROTARY_AVAILABLE: True, USE_TRITON_ROTARY: True
TRITON_ROPE_FUSED_AVAILABLE: True, USE_TRITON_ROPE_FUSED: True
CUDA device: NVIDIA B300 SXM6 AC
Compute capability: (10, 3)
torch: 2.9.0+cu130 (cuda=13.0)
cudnn.benchmark: True
Loaded diffusion model in 0.077870s
Loaded text encoder in 0.316381s
Loaded VAE in 0.136s
Warmed up (3 runs) in 8.26s
iter=000 frames=  9 seconds=0.4498 fps=20.01
iter=001 frames= 12 seconds=0.4970 fps=24.14
iter=002 frames= 12 seconds=0.5081 fps=23.62
iter=003 frames= 12 seconds=0.5061 fps=23.71

Avg FPS (skip=1): 23.82
Wrote per-iter JSON: outputs/b300_cu130_none_bias0.3_drilldown_2025-12-27_clean_perf.json
=== Attention Profiling Report ===
  self_attn: 734.4ms (41.6%) [600 calls, 1.22ms/call]
  ffn: 299.8ms (17.0%) [600 calls, 0.50ms/call]
  self_attn_kv_bias_fa4: 199.7ms (11.3%) [480 calls, 0.42ms/call]
  cross_attn: 162.3ms (9.2%) [600 calls, 0.27ms/call]
  qkv_projection: 162.1ms (9.2%) [600 calls, 0.27ms/call]
  output_projection: 65.8ms (3.7%) [600 calls, 0.11ms/call]
  cache_update: 54.1ms (3.1%) [480 calls, 0.11ms/call]
  rope_apply: 53.6ms (3.0%) [480 calls, 0.11ms/call]
  self_attn_block_mask: 34.1ms (1.9%) [120 calls, 0.28ms/call]
  TOTAL: 1765.9ms
=== Transformer Block Split (top-level) ===
  self_attn: 734.4ms (61.4%)
  cross_attn: 162.3ms (13.6%)
  ffn: 299.8ms (25.1%)
=== p_bias vs p_recompute ===
  p_bias (Kernel B):     85.4%
  p_recompute (Kernel A): 14.6%
  p_plain (FA path):     0.0%
=== self_attn Breakdown (nested) ===
  kv_bias_total:   199.7ms (27.2% of self_attn)
  block_mask:      34.1ms (4.6% of self_attn)
  plain_kv:        0.0ms (0.0% of self_attn)
  other_in_self:   500.6ms (68.2% of self_attn)
