==> Using env: .venv-b300-cu130-decode
==> Before:
Skipping import of cpp extensions due to incompatible torch version 2.9.0+cu130 for torchao version 0.15.0+cu130             Please see https://github.com/pytorch/ao/issues/2919 for more info
torch:2.9.0+cu130(cuda=13.0)
triton: 3.5.0
flash_attn: 2.8.3
torchao: 0.15.0+cu130
==> Restoring torch/torchvision to cu130...
warning: The `extra-build-dependencies` option is experimental and may change without warning. Pass `--preview-features extra-build-dependencies` to disable this warning.
Using Python 3.12.3 environment at: .venv-b300-cu130-decode
Resolved 29 packages in 1.63s
Prepared 29 packages in 0.58ms
Uninstalled 29 packages in 146ms
Installed 29 packages in 70ms
 ~ filelock==3.20.0
 ~ fsspec==2025.12.0
 ~ jinja2==3.1.6
 ~ markupsafe==2.1.5
 ~ mpmath==1.3.0
 ~ networkx==3.6.1
 ~ numpy==2.3.5
 ~ nvidia-cublas==13.0.0.19
 ~ nvidia-cuda-cupti==13.0.48
 ~ nvidia-cuda-nvrtc==13.0.48
 ~ nvidia-cuda-runtime==13.0.48
 ~ nvidia-cudnn-cu13==9.13.0.50
 ~ nvidia-cufft==12.0.0.15
 ~ nvidia-cufile==1.15.0.42
 ~ nvidia-curand==10.4.0.35
 ~ nvidia-cusolver==12.0.3.29
 ~ nvidia-cusparse==12.6.2.49
 ~ nvidia-cusparselt-cu13==0.8.0
 ~ nvidia-nccl-cu13==2.27.7
 ~ nvidia-nvjitlink==13.0.39
 ~ nvidia-nvshmem-cu13==3.3.24
 ~ nvidia-nvtx==13.0.39
 ~ pillow==12.0.0
 ~ setuptools==70.2.0
 ~ sympy==1.14.0
 ~ torch==2.9.0+cu130
 ~ torchvision==0.24.0+cu130
 ~ triton==3.5.0
 ~ typing-extensions==4.15.0
==> Upgrading triton to 3.5.1 (SM103 tcgen05 fix)...
warning: The `extra-build-dependencies` option is experimental and may change without warning. Pass `--preview-features extra-build-dependencies` to disable this warning.
Using Python 3.12.3 environment at: .venv-b300-cu130-decode
Resolved 1 package in 11ms
Prepared 1 package in 0.12ms
Uninstalled 1 package in 2ms
Installed 1 package in 4ms
 - triton==3.5.0
 + triton==3.5.1
==> Aligning torchao with torch (best-effort; override with TORCHAO_VERSION=... )...
warning: The `extra-build-dependencies` option is experimental and may change without warning. Pass `--preview-features extra-build-dependencies` to disable this warning.
Using Python 3.12.3 environment at: .venv-b300-cu130-decode
Resolved 1 package in 396ms
Prepared 1 package in 0.24ms
Uninstalled 1 package in 5ms
Installed 1 package in 4ms
 ~ torchao==0.15.0+cu130
==> Installing FA4/CuTe deps (cuda-python + nvidia-cutlass-dsl==4.1.0)...
warning: The `extra-build-dependencies` option is experimental and may change without warning. Pass `--preview-features extra-build-dependencies` to disable this warning.
Using Python 3.12.3 environment at: .venv-b300-cu130-decode
Audited 2 packages in 1ms
==> Ensuring build tools for flash-attn...
==> Ensuring pip is available...
warning: The `extra-build-dependencies` option is experimental and may change without warning. Pass `--preview-features extra-build-dependencies` to disable this warning.
Using Python 3.12.3 environment at: .venv-b300-cu130-decode
Resolved 1 package in 24ms
Installed 1 package in 5ms
 + pip==25.3
warning: The `extra-build-dependencies` option is experimental and may change without warning. Pass `--preview-features extra-build-dependencies` to disable this warning.
Using Python 3.12.3 environment at: .venv-b300-cu130-decode
Audited 3 packages in 1ms
==> Reinstalling flash-attn (no deps; force source build)...
Collecting flash-attn==2.8.3
  Using cached flash_attn-2.8.3-cp312-cp312-linux_x86_64.whl
Installing collected packages: flash-attn
  Attempting uninstall: flash-attn
    Found existing installation: flash_attn 2.8.3
    Uninstalling flash_attn-2.8.3:
      Successfully uninstalled flash_attn-2.8.3
Successfully installed flash-attn-2.8.3
==> After:
Skipping import of cpp extensions due to incompatible torch version 2.9.0+cu130 for torchao version 0.15.0+cu130             Please see https://github.com/pytorch/ao/issues/2919 for more info
/root/scope/.venv-b300-cu130-decode/lib/python3.12/site-packages/torchao/quantization/quant_api.py:2511: SyntaxWarning: invalid escape sequence '\.'
  """Configuration class for applying different quantization configs to modules or parameters based on their fully qualified names (FQNs).
torch:2.9.0+cu130(cuda=13.0)
triton: 3.5.1
flash_attn: 2.8.3
torchao: 0.15.0+cu130

Next (B300 run):
  TRITON_PTXAS_PATH=/usr/local/cuda-12.9/bin/ptxas \
  DISABLE_FLEX_ATTENTION_COMPILE=1 \
  WANVAE_STREAM_DECODE_MODE=chunk \
  .venv-b300-cu130-decode/bin/daydream-scope
