Modular Diffusers is currently an experimental feature under active development. The API is subject to breaking changes in future releases.
Skipping import of cpp extensions due to incompatible torch version 2.9.0+cu130 for torchao version 0.15.0+cu130             Please see https://github.com/pytorch/ao/issues/2919 for more info
Fetching 6 files:   0%|          | 0/6 [00:00<?, ?it/s]Fetching 6 files: 100%|██████████| 6/6 [00:00<00:00, 128397.06it/s]
KV-bias enabled (bias=0.3) using backend=fa4 (fa4_available=True, triton_kernel_b=False)
Warning: Could not load sageattention: No module named 'sageattention'
sageattention package is not installed
SAGEATTN_AVAILABLE: False
TRITON_ROTARY_AVAILABLE: True, USE_TRITON_ROTARY: True
TRITON_ROPE_FUSED_AVAILABLE: True, USE_TRITON_ROPE_FUSED: True
CUDA device: NVIDIA B300 SXM6 AC
Compute capability: (10, 3)
torch: 2.9.0+cu130 (cuda=13.0)
cudnn.benchmark: True
Loaded diffusion model in 0.078715s
Loaded text encoder in 0.342488s
Loaded VAE in 0.140s
Warmed up (3 runs) in 8.32s
iter=000 frames=  9 seconds=0.5857 fps=15.37
iter=001 frames= 12 seconds=0.6485 fps=18.50
iter=002 frames= 12 seconds=0.6735 fps=17.82
iter=003 frames= 12 seconds=0.6689 fps=17.94

Avg FPS (skip=1): 18.09
Wrote per-iter JSON: outputs/b300_cu130_none_bias0.3_kickoff_perf.json
=== Attention Profiling Report ===
  self_attn: 747.8ms (41.7%) [600 calls, 1.25ms/call]
  ffn: 301.4ms (16.8%) [600 calls, 0.50ms/call]
  self_attn_kv_bias_fa4: 203.6ms (11.4%) [480 calls, 0.42ms/call]
  cross_attn: 162.8ms (9.1%) [600 calls, 0.27ms/call]
  qkv_projection: 162.6ms (9.1%) [600 calls, 0.27ms/call]
  output_projection: 67.0ms (3.7%) [600 calls, 0.11ms/call]
  rope_apply: 56.8ms (3.2%) [480 calls, 0.12ms/call]
  cache_update: 54.8ms (3.1%) [480 calls, 0.11ms/call]
  self_attn_block_mask: 34.4ms (1.9%) [120 calls, 0.29ms/call]
  TOTAL: 1791.3ms
=== Transformer Block Split (top-level) ===
  self_attn: 747.8ms (61.7%)
  cross_attn: 162.8ms (13.4%)
  ffn: 301.4ms (24.9%)
=== p_bias vs p_recompute ===
  p_bias (Kernel B):     85.6%
  p_recompute (Kernel A): 14.4%
  p_plain (FA path):     0.0%
=== self_attn Breakdown (nested) ===
  kv_bias_total:   203.6ms (27.2% of self_attn)
  block_mask:      34.4ms (4.6% of self_attn)
  plain_kv:        0.0ms (0.0% of self_attn)
  other_in_self:   509.8ms (68.2% of self_attn)
