Modular Diffusers is currently an experimental feature under active development. The API is subject to breaking changes in future releases.
Skipping import of cpp extensions due to incompatible torch version 2.9.0+cu130 for torchao version 0.15.0+cu130             Please see https://github.com/pytorch/ao/issues/2919 for more info
Fetching 6 files:   0%|          | 0/6 [00:00<?, ?it/s]Fetching 6 files: 100%|██████████| 6/6 [00:00<00:00, 131072.00it/s]
SCOPE_TORCH_COMPILE_MODE=max-autotune-no-cudagraphs can hard-abort on SM103 with triton<3.5.1 (tcgen05 LLVM intrinsic). Falling back to default compile mode. Set SCOPE_ALLOW_MAX_AUTOTUNE_SM103=1 to force.
Warning: Could not load sageattention: No module named 'sageattention'
sageattention package is not installed
SAGEATTN_AVAILABLE: False
TRITON_ROTARY_AVAILABLE: True, USE_TRITON_ROTARY: True
TRITON_ROPE_FUSED_AVAILABLE: True, USE_TRITON_ROPE_FUSED: True
CUDA device: NVIDIA B300 SXM6 AC
Compute capability: (10, 3)
torch: 2.9.0+cu130 (cuda=13.0)
cudnn.benchmark: True
Loaded diffusion model in 0.077781s
Loaded text encoder in 0.303464s
Loaded VAE in 0.135s
Warmed up (3 runs) in 12.72s
iter=000 frames=  9 seconds=0.3609 fps=24.94
iter=001 frames= 12 seconds=0.3878 fps=30.94
iter=002 frames= 12 seconds=0.4011 fps=29.92
iter=003 frames= 12 seconds=0.3986 fps=30.11
iter=004 frames= 12 seconds=0.3969 fps=30.23
iter=005 frames= 12 seconds=0.3957 fps=30.33

Avg FPS (skip=2): 30.15
