Modular Diffusers is currently an experimental feature under active development. The API is subject to breaking changes in future releases.
Skipping import of cpp extensions due to incompatible torch version 2.9.0+cu130 for torchao version 0.15.0+cu130             Please see https://github.com/pytorch/ao/issues/2919 for more info
Fetching 6 files:   0%|          | 0/6 [00:00<?, ?it/s]Fetching 6 files: 100%|██████████| 6/6 [00:00<00:00, 130392.87it/s]
KV-bias enabled (bias=0.3) using backend=fa4 (fa4_available=True, triton_kernel_b=False)
Warning: Could not load sageattention: No module named 'sageattention'
sageattention package is not installed
SAGEATTN_AVAILABLE: False
TRITON_ROTARY_AVAILABLE: True, USE_TRITON_ROTARY: True
TRITON_ROPE_FUSED_AVAILABLE: True, USE_TRITON_ROPE_FUSED: True
CUDA device: NVIDIA B300 SXM6 AC
Compute capability: (10, 3)
torch: 2.9.0+cu130 (cuda=13.0)
cudnn.benchmark: True
Loaded diffusion model in 0.078133s
Loaded text encoder in 0.317182s
Loaded VAE in 0.135s
Warmed up (3 runs) in 8.19s
iter=000 frames=  9 seconds=0.5793 fps=15.53
iter=001 frames= 12 seconds=0.6307 fps=19.03
iter=002 frames= 12 seconds=0.6639 fps=18.07
iter=003 frames= 12 seconds=0.6620 fps=18.13
iter=004 frames= 12 seconds=0.6604 fps=18.17
iter=005 frames= 12 seconds=0.6556 fps=18.30

Avg FPS (skip=2): 18.17
Wrote per-iter JSON: outputs/b300_cu130_none_bias0.3_no_fuseproj_it6_sk2_perf.json
=== Attention Profiling Report ===
  self_attn: 951.8ms (41.3%) [800 calls, 1.19ms/call]
  ffn: 400.8ms (17.4%) [800 calls, 0.50ms/call]
  self_attn_kv_bias_fa4: 262.7ms (11.4%) [640 calls, 0.41ms/call]
  cross_attn: 216.4ms (9.4%) [800 calls, 0.27ms/call]
  qkv_projection: 209.2ms (9.1%) [800 calls, 0.26ms/call]
  output_projection: 85.7ms (3.7%) [800 calls, 0.11ms/call]
  rope_apply: 69.5ms (3.0%) [640 calls, 0.11ms/call]
  cache_update: 60.9ms (2.6%) [640 calls, 0.10ms/call]
  self_attn_block_mask: 47.2ms (2.0%) [160 calls, 0.30ms/call]
  TOTAL: 2304.2ms
=== Transformer Block Split (top-level) ===
  self_attn: 951.8ms (60.7%)
  cross_attn: 216.4ms (13.8%)
  ffn: 400.8ms (25.5%)
=== p_bias vs p_recompute ===
  p_bias (Kernel B):     84.8%
  p_recompute (Kernel A): 15.2%
  p_plain (FA path):     0.0%
=== self_attn Breakdown (nested) ===
  kv_bias_total:   262.7ms (27.6% of self_attn)
  block_mask:      47.2ms (5.0% of self_attn)
  plain_kv:        0.0ms (0.0% of self_attn)
  other_in_self:   641.9ms (67.4% of self_attn)
