Modular Diffusers is currently an experimental feature under active development. The API is subject to breaking changes in future releases.
Skipping import of cpp extensions due to incompatible torch version 2.9.0+cu130 for torchao version 0.15.0+cu130             Please see https://github.com/pytorch/ao/issues/2919 for more info
Fetching 6 files:   0%|          | 0/6 [00:00<?, ?it/s]Fetching 6 files: 100%|██████████| 6/6 [00:00<00:00, 161319.38it/s]
Warning: Could not load sageattention: No module named 'sageattention'
sageattention package is not installed
SAGEATTN_AVAILABLE: False
TRITON_ROTARY_AVAILABLE: True, USE_TRITON_ROTARY: True
TRITON_ROPE_FUSED_AVAILABLE: True, USE_TRITON_ROPE_FUSED: True
CUDA device: NVIDIA B300 SXM6 AC
Compute capability: (10, 3)
torch: 2.9.0+cu130 (cuda=13.0)
cudnn.benchmark: True
compile=True
SCOPE_KV_BIAS_BACKEND=fa4
DISABLE_FLEX_ATTENTION_COMPILE=1
WANVAE_STREAM_DECODE_MODE=chunk
WANVAE_DECODE_CHANNELS_LAST_3D=1
WANVAE_RESAMPLE_ENSURE_CONTIGUOUS=1
TRITON_PTXAS_PATH=/usr/local/cuda-12.9/bin/ptxas
with_stack=True (stack_n=12)
Loaded diffusion model in 0.077224s
Loaded text encoder in 0.303825s
Loaded VAE in 0.135s
Warmed up (3 runs) in 15.17s
Pre-warm (outside profiler): 1 iteration(s)
Profiling: 1 iteration(s)
Profiled wall time: 12.658s

-------------------------------------------------------  ------------  ------------  ------------  ------------  ------------  ------------  ------------  ------------  ------------  ------------  
                                                   Name    Self CPU %      Self CPU   CPU total %     CPU total  CPU time avg     Self CUDA   Self CUDA %    CUDA total  CUDA time avg    # of Calls  
-------------------------------------------------------  ------------  ------------  ------------  ------------  ------------  ------------  ------------  ------------  ------------  ------------  
                             Torch-Compiled Region: 0/2         1.23%       6.337ms        73.92%     379.931ms       2.375ms       0.000us         0.00%     195.681ms       1.223ms           160  
                            Torch-Compiled Region: 13/1         1.72%       8.828ms        38.76%     199.231ms     996.153us       0.000us         0.00%     128.122ms     640.612us           200  
                             Torch-Compiled Region: 1/2         1.07%       5.494ms        38.25%     196.562ms       1.229ms       0.000us         0.00%      89.500ms     559.377us           160  
                                               aten::mm         1.12%       5.758ms         1.49%       7.677ms      12.796us      83.438ms        33.30%      83.438ms     139.063us           600  
## Call CompiledFxGraph fzkr5p2ai4jlimh5nkeoy4kj6gag...         0.00%       0.000us         0.00%       0.000us       0.000us      83.229ms        33.21%      83.229ms     416.143us           200  
                            Torch-Compiled Region: 19/0         0.90%       4.610ms         5.92%      30.434ms     152.171us       0.000us         0.00%      81.772ms     408.860us           200  
## Call CompiledFxGraph fzkr5p2ai4jlimh5nkeoy4kj6gag...         2.68%      13.773ms         4.74%      24.378ms     121.890us       0.000us         0.00%      81.772ms     408.860us           200  
                                            aten::addmm         1.99%      10.229ms         2.54%      13.043ms      20.703us      69.095ms        27.57%      69.095ms     109.675us           630  
                             Torch-Compiled Region: 8/1         0.80%       4.121ms        29.13%     149.704ms     935.651us       0.000us         0.00%      53.242ms     332.760us           160  
                             Torch-Compiled Region: 9/1        18.55%      95.316ms        23.75%     122.068ms     762.927us      33.604ms        13.41%      51.267ms     320.419us           160  
                             Torch-Compiled Region: 0/1         0.32%       1.627ms        17.75%      91.212ms       2.280ms       0.000us         0.00%      43.740ms       1.094ms            40  
                            Torch-Compiled Region: 14/1         1.25%       6.404ms        27.77%     142.697ms     713.486us       0.000us         0.00%      40.882ms     204.409us           200  
          nvjet_tst_256x128_64x5_2x1_2cta_v_bz_bias_TNT         0.00%       0.000us         0.00%       0.000us       0.000us      37.917ms        15.13%      37.917ms     189.585us           200  
## Call CompiledFxGraph fe3p354nzwxb6oufl3yqqnv5n7oj...         0.00%       0.000us         0.00%       0.000us       0.000us      34.828ms        13.90%      34.828ms     217.678us           160  
## Call CompiledFxGraph fe3p354nzwxb6oufl3yqqnv5n7oj...         1.62%       8.320ms         2.63%      13.530ms      84.565us       0.000us         0.00%      34.258ms     214.115us           160  
               nvjet_tst_256x160_64x5_2x1_2cta_v_bz_TNT         0.00%       0.000us         0.00%       0.000us       0.000us      34.139ms        13.62%      34.139ms     170.693us           200  
kernel_cutlass_kernel_flash_attncuteflash_fwd_sm100F...         0.00%       0.000us         0.00%       0.000us       0.000us      33.604ms        13.41%      33.604ms     210.023us           160  
               nvjet_tst_128x256_64x6_2x1_2cta_v_bz_TNT         0.00%       0.000us         0.00%       0.000us       0.000us      33.568ms        13.40%      33.568ms     167.842us           200  
          nvjet_tst_256x128_64x5_2x2_2cta_h_bz_bias_TNT         0.00%       0.000us         0.00%       0.000us       0.000us      30.562ms        12.20%      30.562ms      76.406us           400  
## Call CompiledFxGraph ffw4q4kngccow57pa2mkgee77ogp...         0.00%       0.000us         0.00%       0.000us       0.000us      18.732ms         7.48%      18.732ms      93.662us           200  
## Call CompiledFxGraph ffw4q4kngccow57pa2mkgee77ogp...         1.67%       8.578ms         2.71%      13.908ms      69.538us       0.000us         0.00%      18.363ms      91.817us           200  
## Call CompiledFxGraph fcceaggubatdtr6yp77cg7bal2px...         1.54%       7.892ms         2.53%      12.980ms      54.083us       0.000us         0.00%      18.208ms      75.866us           240  
## Call CompiledFxGraph fcceaggubatdtr6yp77cg7bal2px...         0.00%       0.000us         0.00%       0.000us       0.000us      18.208ms         7.27%      18.208ms      75.866us           240  
                             Torch-Compiled Region: 1/1         0.26%       1.348ms         9.35%      48.045ms       1.201ms       0.000us         0.00%      17.223ms     430.573us            40  
               nvjet_tst_256x128_64x5_2x2_2cta_h_bz_TNT         0.00%       0.000us         0.00%       0.000us       0.000us      15.731ms         6.28%      15.731ms      78.655us           200  
                            Torch-Compiled Region: 18/0         0.85%       4.389ms         3.20%      16.430ms      82.152us       0.000us         0.00%      15.111ms      75.556us           200  
                                           aten::linear         0.12%     623.955us         1.24%       6.382ms      33.590us       0.000us         0.00%      12.970ms      68.265us           190  
                                            aten::copy_         1.84%       9.469ms         3.65%      18.778ms       4.638us      10.877ms         4.34%      10.877ms       2.686us          4049  
                                    FlashAttnVarlenFunc        13.74%      70.609ms        14.10%      72.491ms     302.048us      10.729ms         4.28%      10.729ms      44.704us           240  
kernel_cutlass_kernel_flash_attncuteflash_fwd_sm100F...         0.00%       0.000us         0.00%       0.000us       0.000us      10.729ms         4.28%      10.729ms      44.704us           240  
      triton_red_fused_add_mul_native_layer_norm_view_0         0.87%       4.456ms         1.17%       5.997ms      14.993us      10.575ms         4.22%      10.575ms      26.437us           400  
      triton_red_fused_add_mul_native_layer_norm_view_0         0.00%       0.000us         0.00%       0.000us       0.000us      10.575ms         4.22%      10.575ms      26.437us           400  
void at::native::elementwise_kernel<128, 4, at::nati...         0.00%       0.000us         0.00%       0.000us       0.000us      10.195ms         4.07%      10.195ms       3.148us          3239  
## Call CompiledFxGraph fk64ajjwdf2q6mjilnqgjewiklnr...         0.00%       0.000us         0.00%       0.000us       0.000us       8.686ms         3.47%       8.686ms     217.140us            40  
## Call CompiledFxGraph fk64ajjwdf2q6mjilnqgjewiklnr...         0.40%       2.058ms         0.66%       3.368ms      84.209us       0.000us         0.00%       8.536ms     213.391us            40  
                            Torch-Compiled Region: 21/0         0.19%     983.836us         7.08%      36.403ms     910.067us       0.000us         0.00%       8.186ms     204.649us            40  
                            Torch-Compiled Region: 22/0         0.23%       1.194ms         5.75%      29.527ms     738.170us       0.000us         0.00%       7.691ms     192.273us            40  
                            Torch-Compiled Region: 15/1         2.75%      14.114ms        19.88%     102.162ms     510.811us       0.000us         0.00%       7.407ms      37.037us           200  
                                      aten::convolution         0.02%      97.727us         5.96%      30.637ms     696.292us       0.000us         0.00%       7.298ms     165.859us            44  
                                     aten::_convolution         0.04%     180.601us         5.94%      30.539ms     694.071us       0.000us         0.00%       7.298ms     165.859us            44  
-------------------------------------------------------  ------------  ------------  ------------  ------------  ------------  ------------  ------------  ------------  ------------  ------------  
Self CPU time total: 513.945ms
Self CUDA time total: 250.594ms


Grouped-by-stack summary (group_by_stack_n=12):
- stack_include: ['CausalWanSelfAttention']

Top op keys within stack filters:
| device_ms | pct | calls | groups | key |
|---:|---:|---:|---:|---|
| 89.500 | 17.29% | 160 | 40 | `Torch-Compiled Region: 1/2` |
| 68.219 | 13.18% | 316 | 166 | `## Call CompiledFxGraph fe3p354nzwxb6oufl3yqqnv5n7oj6ozrogyabdrellckb4pv7r4i ##` |
| 53.242 | 10.29% | 160 | 40 | `Torch-Compiled Region: 8/1` |
| 51.267 | 9.91% | 160 | 40 | `Torch-Compiled Region: 9/1` |
| 50.272 | 9.71% | 360 | 121 | `aten::addmm` |
| 37.917 | 7.33% | 200 | 80 | `nvjet_tst_256x128_64x5_2x1_2cta_v_bz_bias_TNT` |
| 33.604 | 6.49% | 160 | 40 | `kernel_cutlass_kernel_flash_attncuteflash_fwd_sm100FlashAttentionForwardSm100_object_at__tensor0000o11101213_tensor0000o11101213_tensor0000o10111213_tensor0000o11101213_None_None_None_Non_0` |
| 17.223 | 3.33% | 40 | 40 | `Torch-Compiled Region: 1/1` |
| 16.351 | 3.16% | 76 | 76 | `## Call CompiledFxGraph fk64ajjwdf2q6mjilnqgjewiklnrsdt2pevlvsuyisl466jtpaa3 ##` |
| 12.355 | 2.39% | 160 | 41 | `aten::linear` |
| 12.355 | 2.39% | 160 | 41 | `nvjet_tst_256x128_64x5_2x2_2cta_h_bz_bias_TNT` |
| 8.186 | 1.58% | 40 | 40 | `Torch-Compiled Region: 21/0` |
| 7.691 | 1.49% | 40 | 40 | `Torch-Compiled Region: 22/0` |
| 5.309 | 1.03% | 320 | 41 | `aten::copy_` |
| 5.032 | 0.97% | 400 | 160 | `triton_red_fused__to_copy_add_mean_mul_pow_rsqrt_split_view_0` |
| 4.971 | 0.96% | 400 | 160 | `Torch-Compiled Region: 3/0` |
| 4.971 | 0.96% | 400 | 160 | `Torch-Compiled Region: 4/1` |
| 4.971 | 0.96% | 400 | 164 | `Torch-Compiled Region: 7/1` |
| 4.794 | 0.93% | 192 | 168 | `## Call CompiledFxGraph fuh67mwwyfifvu65poxmdnfvc3zukk5l7ofvfw7wqcnloi5p64op ##` |
| 4.722 | 0.91% | 400 | 160 | `triton_red_fused__to_copy_add_mean_mul_pow_rsqrt_split_view_1` |
| 4.426 | 0.86% | 160 | 41 | `void at::native::elementwise_kernel<128, 4, at::native::gpu_kernel_impl_nocast<at::native::direct_copy_kernel_cuda(at::TensorIteratorBase&)::{lambda()#3}::operator()() const::{lambda()#12}::operator()() const::{lambda(c10::BFloat16)#1}>(at::TensorIteratorBase&, at::native::direct_copy_kernel_cuda(at::TensorIteratorBase&)::{lambda()#3}::operator()() const::{lambda()#12}::operator()() const::{lambda(c10::BFloat16)#1} const&)::{lambda(int)#1}>(int, at::native::gpu_kernel_impl_nocast<at::native::direct_copy_kernel_cuda(at::TensorIteratorBase&)::{lambda()#3}::operator()() const::{lambda()#12}::operator()() const::{lambda(c10::BFloat16)#1}>(at::TensorIteratorBase&, at::native::direct_copy_kernel_cuda(at::TensorIteratorBase&)::{lambda()#3}::operator()() const::{lambda()#12}::operator()() const::{lambda(c10::BFloat16)#1} const&)::{lambda(int)#1})` |
| 3.943 | 0.76% | 40 | 40 | `Torch-Compiled Region: 23/0` |
| 3.943 | 0.76% | 40 | 40 | `Torch-Compiled Region: 15/2` |
| 3.839 | 0.74% | 40 | 40 | `FlashAttnVarlenFunc` |
| 3.839 | 0.74% | 40 | 40 | `kernel_cutlass_kernel_flash_attncuteflash_fwd_sm100FlashAttentionForwardSm100_object_at__tensor000o111012_tensor000o111012_tensor000o101112_tensorptrbf16gmemalign16odiv81div8_None_tensorp_0` |
| 3.097 | 0.60% | 40 | 40 | `Torch-Compiled Region: 24/0` |
| 0.883 | 0.17% | 160 | 41 | `Memcpy DtoD (Device -> Device)` |
| 0.298 | 0.06% | 24 | 24 | `## Call CompiledFxGraph f4oz2wvcxejxwpdxprvuut3twkm7x5q4nrlvgkq2bxu63do7rkav ##` |
| 0.150 | 0.03% | 12 | 12 | `rope_fused_3way_kernel_v2_0` |
| 0.150 | 0.03% | 12 | 12 | `rope_fused_3way_kernel_v2` |
| 0.023 | 0.00% | 1 | 1 | `## Call CompiledFxGraph fz2xsbnhyncv5m3nm7v2bf6vozcxvz5hjd4576llteuddvmlokvy ##` |
- aten::copy_: top 15
  count=8       device_ms=   0.133 self_device_ms=   0.133 cpu_ms=   0.091
    scope/core/pipelines/krea_realtime_video/modules/causal_model.py(1196): torch_dynamo_resume_in_forward_at_1196
    scope/core/pipelines/krea_realtime_video/modules/causal_model.py(1190): torch_dynamo_resume_in_forward_at_1190
    scope/core/pipelines/krea_realtime_video/modules/causal_model.py(939): forward
    torch/nn/modules/module.py(1779): _call_impl
    nn.Module: CausalWanSelfAttention_25
    scope/core/pipelines/krea_realtime_video/modules/causal_model.py(1730): forward
    torch/nn/modules/module.py(1779): _call_impl
    torch/_dynamo/eval_frame.py(791): compile_wrapper
    nn.Module: CausalWanAttentionBlock_25
    scope/core/pipelines/krea_realtime_video/modules/causal_model.py(2286): _forward_inference
    scope/core/pipelines/krea_realtime_video/modules/causal_model.py(2623): forward
    torch/nn/modules/module.py(1779): _call_impl
  count=8       device_ms=   0.133 self_device_ms=   0.133 cpu_ms=   0.093
    scope/core/pipelines/krea_realtime_video/modules/causal_model.py(1196): torch_dynamo_resume_in_forward_at_1196
    scope/core/pipelines/krea_realtime_video/modules/causal_model.py(1190): torch_dynamo_resume_in_forward_at_1190
    scope/core/pipelines/krea_realtime_video/modules/causal_model.py(939): forward
    torch/nn/modules/module.py(1779): _call_impl
    nn.Module: CausalWanSelfAttention_3
    scope/core/pipelines/krea_realtime_video/modules/causal_model.py(1730): forward
    torch/nn/modules/module.py(1779): _call_impl
    torch/_dynamo/eval_frame.py(791): compile_wrapper
    nn.Module: CausalWanAttentionBlock_3
    scope/core/pipelines/krea_realtime_video/modules/causal_model.py(2286): _forward_inference
    scope/core/pipelines/krea_realtime_video/modules/causal_model.py(2623): forward
    torch/nn/modules/module.py(1779): _call_impl
  count=8       device_ms=   0.133 self_device_ms=   0.133 cpu_ms=   0.091
    scope/core/pipelines/krea_realtime_video/modules/causal_model.py(1196): torch_dynamo_resume_in_forward_at_1196
    scope/core/pipelines/krea_realtime_video/modules/causal_model.py(1190): torch_dynamo_resume_in_forward_at_1190
    scope/core/pipelines/krea_realtime_video/modules/causal_model.py(939): forward
    torch/nn/modules/module.py(1779): _call_impl
    nn.Module: CausalWanSelfAttention_24
    scope/core/pipelines/krea_realtime_video/modules/causal_model.py(1730): forward
    torch/nn/modules/module.py(1779): _call_impl
    torch/_dynamo/eval_frame.py(791): compile_wrapper
    nn.Module: CausalWanAttentionBlock_24
    scope/core/pipelines/krea_realtime_video/modules/causal_model.py(2286): _forward_inference
    scope/core/pipelines/krea_realtime_video/modules/causal_model.py(2623): forward
    torch/nn/modules/module.py(1779): _call_impl
  count=8       device_ms=   0.133 self_device_ms=   0.133 cpu_ms=   0.094
    scope/core/pipelines/krea_realtime_video/modules/causal_model.py(1196): torch_dynamo_resume_in_forward_at_1196
    scope/core/pipelines/krea_realtime_video/modules/causal_model.py(1190): torch_dynamo_resume_in_forward_at_1190
    scope/core/pipelines/krea_realtime_video/modules/causal_model.py(939): forward
    torch/nn/modules/module.py(1779): _call_impl
    nn.Module: CausalWanSelfAttention_1
    scope/core/pipelines/krea_realtime_video/modules/causal_model.py(1730): forward
    torch/nn/modules/module.py(1779): _call_impl
    torch/_dynamo/eval_frame.py(791): compile_wrapper
    nn.Module: CausalWanAttentionBlock_1
    scope/core/pipelines/krea_realtime_video/modules/causal_model.py(2286): _forward_inference
    scope/core/pipelines/krea_realtime_video/modules/causal_model.py(2623): forward
    torch/nn/modules/module.py(1779): _call_impl
  count=8       device_ms=   0.133 self_device_ms=   0.133 cpu_ms=   0.093
    scope/core/pipelines/krea_realtime_video/modules/causal_model.py(1196): torch_dynamo_resume_in_forward_at_1196
    scope/core/pipelines/krea_realtime_video/modules/causal_model.py(1190): torch_dynamo_resume_in_forward_at_1190
    scope/core/pipelines/krea_realtime_video/modules/causal_model.py(939): forward
    torch/nn/modules/module.py(1779): _call_impl
    nn.Module: CausalWanSelfAttention_2
    scope/core/pipelines/krea_realtime_video/modules/causal_model.py(1730): forward
    torch/nn/modules/module.py(1779): _call_impl
    torch/_dynamo/eval_frame.py(791): compile_wrapper
    nn.Module: CausalWanAttentionBlock_2
    scope/core/pipelines/krea_realtime_video/modules/causal_model.py(2286): _forward_inference
    scope/core/pipelines/krea_realtime_video/modules/causal_model.py(2623): forward
    torch/nn/modules/module.py(1779): _call_impl
  count=8       device_ms=   0.133 self_device_ms=   0.133 cpu_ms=   0.092
    scope/core/pipelines/krea_realtime_video/modules/causal_model.py(1196): torch_dynamo_resume_in_forward_at_1196
    scope/core/pipelines/krea_realtime_video/modules/causal_model.py(1190): torch_dynamo_resume_in_forward_at_1190
    scope/core/pipelines/krea_realtime_video/modules/causal_model.py(939): forward
    torch/nn/modules/module.py(1779): _call_impl
    nn.Module: CausalWanSelfAttention_30
    scope/core/pipelines/krea_realtime_video/modules/causal_model.py(1730): forward
    torch/nn/modules/module.py(1779): _call_impl
    torch/_dynamo/eval_frame.py(791): compile_wrapper
    nn.Module: CausalWanAttentionBlock_30
    scope/core/pipelines/krea_realtime_video/modules/causal_model.py(2286): _forward_inference
    scope/core/pipelines/krea_realtime_video/modules/causal_model.py(2623): forward
    torch/nn/modules/module.py(1779): _call_impl
  count=8       device_ms=   0.133 self_device_ms=   0.133 cpu_ms=   0.091
    scope/core/pipelines/krea_realtime_video/modules/causal_model.py(1196): torch_dynamo_resume_in_forward_at_1196
    scope/core/pipelines/krea_realtime_video/modules/causal_model.py(1190): torch_dynamo_resume_in_forward_at_1190
    scope/core/pipelines/krea_realtime_video/modules/causal_model.py(939): forward
    torch/nn/modules/module.py(1779): _call_impl
    nn.Module: CausalWanSelfAttention_7
    scope/core/pipelines/krea_realtime_video/modules/causal_model.py(1730): forward
    torch/nn/modules/module.py(1779): _call_impl
    torch/_dynamo/eval_frame.py(791): compile_wrapper
    nn.Module: CausalWanAttentionBlock_7
    scope/core/pipelines/krea_realtime_video/modules/causal_model.py(2286): _forward_inference
    scope/core/pipelines/krea_realtime_video/modules/causal_model.py(2623): forward
    torch/nn/modules/module.py(1779): _call_impl
  count=8       device_ms=   0.133 self_device_ms=   0.133 cpu_ms=   0.092
    scope/core/pipelines/krea_realtime_video/modules/causal_model.py(1196): torch_dynamo_resume_in_forward_at_1196
    scope/core/pipelines/krea_realtime_video/modules/causal_model.py(1190): torch_dynamo_resume_in_forward_at_1190
    scope/core/pipelines/krea_realtime_video/modules/causal_model.py(939): forward
    torch/nn/modules/module.py(1779): _call_impl
    nn.Module: CausalWanSelfAttention_33
    scope/core/pipelines/krea_realtime_video/modules/causal_model.py(1730): forward
    torch/nn/modules/module.py(1779): _call_impl
    torch/_dynamo/eval_frame.py(791): compile_wrapper
    nn.Module: CausalWanAttentionBlock_33
    scope/core/pipelines/krea_realtime_video/modules/causal_model.py(2286): _forward_inference
    scope/core/pipelines/krea_realtime_video/modules/causal_model.py(2623): forward
    torch/nn/modules/module.py(1779): _call_impl
  count=8       device_ms=   0.133 self_device_ms=   0.133 cpu_ms=   0.093
    scope/core/pipelines/krea_realtime_video/modules/causal_model.py(1196): torch_dynamo_resume_in_forward_at_1196
    scope/core/pipelines/krea_realtime_video/modules/causal_model.py(1190): torch_dynamo_resume_in_forward_at_1190
    scope/core/pipelines/krea_realtime_video/modules/causal_model.py(939): forward
    torch/nn/modules/module.py(1779): _call_impl
    nn.Module: CausalWanSelfAttention_35
    scope/core/pipelines/krea_realtime_video/modules/causal_model.py(1730): forward
    torch/nn/modules/module.py(1779): _call_impl
    torch/_dynamo/eval_frame.py(791): compile_wrapper
    nn.Module: CausalWanAttentionBlock_35
    scope/core/pipelines/krea_realtime_video/modules/causal_model.py(2286): _forward_inference
    scope/core/pipelines/krea_realtime_video/modules/causal_model.py(2623): forward
    torch/nn/modules/module.py(1779): _call_impl
  count=8       device_ms=   0.133 self_device_ms=   0.133 cpu_ms=   0.093
    scope/core/pipelines/krea_realtime_video/modules/causal_model.py(1196): torch_dynamo_resume_in_forward_at_1196
    scope/core/pipelines/krea_realtime_video/modules/causal_model.py(1190): torch_dynamo_resume_in_forward_at_1190
    scope/core/pipelines/krea_realtime_video/modules/causal_model.py(939): forward
    torch/nn/modules/module.py(1779): _call_impl
    nn.Module: CausalWanSelfAttention_16
    scope/core/pipelines/krea_realtime_video/modules/causal_model.py(1730): forward
    torch/nn/modules/module.py(1779): _call_impl
    torch/_dynamo/eval_frame.py(791): compile_wrapper
    nn.Module: CausalWanAttentionBlock_16
    scope/core/pipelines/krea_realtime_video/modules/causal_model.py(2286): _forward_inference
    scope/core/pipelines/krea_realtime_video/modules/causal_model.py(2623): forward
    torch/nn/modules/module.py(1779): _call_impl
  count=8       device_ms=   0.133 self_device_ms=   0.133 cpu_ms=   0.090
    scope/core/pipelines/krea_realtime_video/modules/causal_model.py(1196): torch_dynamo_resume_in_forward_at_1196
    scope/core/pipelines/krea_realtime_video/modules/causal_model.py(1190): torch_dynamo_resume_in_forward_at_1190
    scope/core/pipelines/krea_realtime_video/modules/causal_model.py(939): forward
    torch/nn/modules/module.py(1779): _call_impl
    nn.Module: CausalWanSelfAttention_12
    scope/core/pipelines/krea_realtime_video/modules/causal_model.py(1730): forward
    torch/nn/modules/module.py(1779): _call_impl
    torch/_dynamo/eval_frame.py(791): compile_wrapper
    nn.Module: CausalWanAttentionBlock_12
    scope/core/pipelines/krea_realtime_video/modules/causal_model.py(2286): _forward_inference
    scope/core/pipelines/krea_realtime_video/modules/causal_model.py(2623): forward
    torch/nn/modules/module.py(1779): _call_impl
  count=8       device_ms=   0.133 self_device_ms=   0.133 cpu_ms=   0.094
    scope/core/pipelines/krea_realtime_video/modules/causal_model.py(1196): torch_dynamo_resume_in_forward_at_1196
    scope/core/pipelines/krea_realtime_video/modules/causal_model.py(1190): torch_dynamo_resume_in_forward_at_1190
    scope/core/pipelines/krea_realtime_video/modules/causal_model.py(939): forward
    torch/nn/modules/module.py(1779): _call_impl
    nn.Module: CausalWanSelfAttention_23
    scope/core/pipelines/krea_realtime_video/modules/causal_model.py(1730): forward
    torch/nn/modules/module.py(1779): _call_impl
    torch/_dynamo/eval_frame.py(791): compile_wrapper
    nn.Module: CausalWanAttentionBlock_23
    scope/core/pipelines/krea_realtime_video/modules/causal_model.py(2286): _forward_inference
    scope/core/pipelines/krea_realtime_video/modules/causal_model.py(2623): forward
    torch/nn/modules/module.py(1779): _call_impl
  count=8       device_ms=   0.133 self_device_ms=   0.133 cpu_ms=   0.084
    scope/core/pipelines/krea_realtime_video/modules/causal_model.py(1196): torch_dynamo_resume_in_forward_at_1196
    scope/core/pipelines/krea_realtime_video/modules/causal_model.py(1190): torch_dynamo_resume_in_forward_at_1190
    scope/core/pipelines/krea_realtime_video/modules/causal_model.py(939): forward
    torch/nn/modules/module.py(1779): _call_impl
    nn.Module: CausalWanSelfAttention_0
    scope/core/pipelines/krea_realtime_video/modules/causal_model.py(1730): forward
    torch/nn/modules/module.py(1779): _call_impl
    torch/_dynamo/eval_frame.py(791): compile_wrapper
    nn.Module: CausalWanAttentionBlock_0
    scope/core/pipelines/krea_realtime_video/modules/causal_model.py(2286): _forward_inference
    scope/core/pipelines/krea_realtime_video/modules/causal_model.py(2623): forward
    torch/nn/modules/module.py(1779): _call_impl
  count=8       device_ms=   0.133 self_device_ms=   0.133 cpu_ms=   0.090
    scope/core/pipelines/krea_realtime_video/modules/causal_model.py(1196): torch_dynamo_resume_in_forward_at_1196
    scope/core/pipelines/krea_realtime_video/modules/causal_model.py(1190): torch_dynamo_resume_in_forward_at_1190
    scope/core/pipelines/krea_realtime_video/modules/causal_model.py(939): forward
    torch/nn/modules/module.py(1779): _call_impl
    nn.Module: CausalWanSelfAttention_4
    scope/core/pipelines/krea_realtime_video/modules/causal_model.py(1730): forward
    torch/nn/modules/module.py(1779): _call_impl
    torch/_dynamo/eval_frame.py(791): compile_wrapper
    nn.Module: CausalWanAttentionBlock_4
    scope/core/pipelines/krea_realtime_video/modules/causal_model.py(2286): _forward_inference
    scope/core/pipelines/krea_realtime_video/modules/causal_model.py(2623): forward
    torch/nn/modules/module.py(1779): _call_impl
  count=8       device_ms=   0.133 self_device_ms=   0.133 cpu_ms=   0.090
    scope/core/pipelines/krea_realtime_video/modules/causal_model.py(1196): torch_dynamo_resume_in_forward_at_1196
    scope/core/pipelines/krea_realtime_video/modules/causal_model.py(1190): torch_dynamo_resume_in_forward_at_1190
    scope/core/pipelines/krea_realtime_video/modules/causal_model.py(939): forward
    torch/nn/modules/module.py(1779): _call_impl
    nn.Module: CausalWanSelfAttention_14
    scope/core/pipelines/krea_realtime_video/modules/causal_model.py(1730): forward
    torch/nn/modules/module.py(1779): _call_impl
    torch/_dynamo/eval_frame.py(791): compile_wrapper
    nn.Module: CausalWanAttentionBlock_14
    scope/core/pipelines/krea_realtime_video/modules/causal_model.py(2286): _forward_inference
    scope/core/pipelines/krea_realtime_video/modules/causal_model.py(2623): forward
    torch/nn/modules/module.py(1779): _call_impl
- aten::_to_copy: (no events)
- aten::contiguous: (no events)
- aten::clone: (no events)
- aten::transpose: top 15
  count=4       device_ms=   0.000 self_device_ms=   0.000 cpu_ms=   0.008
    <built-in function linear>
    torch/nn/modules/linear.py(130): forward
    torch/nn/modules/module.py(1779): _call_impl
    nn.Module: Linear_6
    scope/core/pipelines/krea_realtime_video/modules/causal_model.py(1196): torch_dynamo_resume_in_forward_at_1196
    scope/core/pipelines/krea_realtime_video/modules/causal_model.py(1190): torch_dynamo_resume_in_forward_at_1190
    scope/core/pipelines/krea_realtime_video/modules/causal_model.py(939): forward
    torch/nn/modules/module.py(1779): _call_impl
    nn.Module: CausalWanSelfAttention_0
    scope/core/pipelines/krea_realtime_video/modules/causal_model.py(1730): forward
    torch/nn/modules/module.py(1779): _call_impl
    torch/_dynamo/eval_frame.py(791): compile_wrapper
  count=4       device_ms=   0.000 self_device_ms=   0.000 cpu_ms=   0.008
    <built-in function linear>
    torch/nn/modules/linear.py(130): forward
    torch/nn/modules/module.py(1779): _call_impl
    nn.Module: Linear_7
    scope/core/pipelines/krea_realtime_video/modules/causal_model.py(1196): torch_dynamo_resume_in_forward_at_1196
    scope/core/pipelines/krea_realtime_video/modules/causal_model.py(1190): torch_dynamo_resume_in_forward_at_1190
    scope/core/pipelines/krea_realtime_video/modules/causal_model.py(939): forward
    torch/nn/modules/module.py(1779): _call_impl
    nn.Module: CausalWanSelfAttention_1
    scope/core/pipelines/krea_realtime_video/modules/causal_model.py(1730): forward
    torch/nn/modules/module.py(1779): _call_impl
    torch/_dynamo/eval_frame.py(791): compile_wrapper
  count=4       device_ms=   0.000 self_device_ms=   0.000 cpu_ms=   0.008
    <built-in function linear>
    torch/nn/modules/linear.py(130): forward
    torch/nn/modules/module.py(1779): _call_impl
    nn.Module: Linear_8
    scope/core/pipelines/krea_realtime_video/modules/causal_model.py(1196): torch_dynamo_resume_in_forward_at_1196
    scope/core/pipelines/krea_realtime_video/modules/causal_model.py(1190): torch_dynamo_resume_in_forward_at_1190
    scope/core/pipelines/krea_realtime_video/modules/causal_model.py(939): forward
    torch/nn/modules/module.py(1779): _call_impl
    nn.Module: CausalWanSelfAttention_2
    scope/core/pipelines/krea_realtime_video/modules/causal_model.py(1730): forward
    torch/nn/modules/module.py(1779): _call_impl
    torch/_dynamo/eval_frame.py(791): compile_wrapper
  count=4       device_ms=   0.000 self_device_ms=   0.000 cpu_ms=   0.008
    <built-in function linear>
    torch/nn/modules/linear.py(130): forward
    torch/nn/modules/module.py(1779): _call_impl
    nn.Module: Linear_9
    scope/core/pipelines/krea_realtime_video/modules/causal_model.py(1196): torch_dynamo_resume_in_forward_at_1196
    scope/core/pipelines/krea_realtime_video/modules/causal_model.py(1190): torch_dynamo_resume_in_forward_at_1190
    scope/core/pipelines/krea_realtime_video/modules/causal_model.py(939): forward
    torch/nn/modules/module.py(1779): _call_impl
    nn.Module: CausalWanSelfAttention_3
    scope/core/pipelines/krea_realtime_video/modules/causal_model.py(1730): forward
    torch/nn/modules/module.py(1779): _call_impl
    torch/_dynamo/eval_frame.py(791): compile_wrapper
  count=4       device_ms=   0.000 self_device_ms=   0.000 cpu_ms=   0.008
    <built-in function linear>
    torch/nn/modules/linear.py(130): forward
    torch/nn/modules/module.py(1779): _call_impl
    nn.Module: Linear_10
    scope/core/pipelines/krea_realtime_video/modules/causal_model.py(1196): torch_dynamo_resume_in_forward_at_1196
    scope/core/pipelines/krea_realtime_video/modules/causal_model.py(1190): torch_dynamo_resume_in_forward_at_1190
    scope/core/pipelines/krea_realtime_video/modules/causal_model.py(939): forward
    torch/nn/modules/module.py(1779): _call_impl
    nn.Module: CausalWanSelfAttention_4
    scope/core/pipelines/krea_realtime_video/modules/causal_model.py(1730): forward
    torch/nn/modules/module.py(1779): _call_impl
    torch/_dynamo/eval_frame.py(791): compile_wrapper
  count=4       device_ms=   0.000 self_device_ms=   0.000 cpu_ms=   0.008
    <built-in function linear>
    torch/nn/modules/linear.py(130): forward
    torch/nn/modules/module.py(1779): _call_impl
    nn.Module: Linear_11
    scope/core/pipelines/krea_realtime_video/modules/causal_model.py(1196): torch_dynamo_resume_in_forward_at_1196
    scope/core/pipelines/krea_realtime_video/modules/causal_model.py(1190): torch_dynamo_resume_in_forward_at_1190
    scope/core/pipelines/krea_realtime_video/modules/causal_model.py(939): forward
    torch/nn/modules/module.py(1779): _call_impl
    nn.Module: CausalWanSelfAttention_5
    scope/core/pipelines/krea_realtime_video/modules/causal_model.py(1730): forward
    torch/nn/modules/module.py(1779): _call_impl
    torch/_dynamo/eval_frame.py(791): compile_wrapper
  count=4       device_ms=   0.000 self_device_ms=   0.000 cpu_ms=   0.008
    <built-in function linear>
    torch/nn/modules/linear.py(130): forward
    torch/nn/modules/module.py(1779): _call_impl
    nn.Module: Linear_12
    scope/core/pipelines/krea_realtime_video/modules/causal_model.py(1196): torch_dynamo_resume_in_forward_at_1196
    scope/core/pipelines/krea_realtime_video/modules/causal_model.py(1190): torch_dynamo_resume_in_forward_at_1190
    scope/core/pipelines/krea_realtime_video/modules/causal_model.py(939): forward
    torch/nn/modules/module.py(1779): _call_impl
    nn.Module: CausalWanSelfAttention_6
    scope/core/pipelines/krea_realtime_video/modules/causal_model.py(1730): forward
    torch/nn/modules/module.py(1779): _call_impl
    torch/_dynamo/eval_frame.py(791): compile_wrapper
  count=4       device_ms=   0.000 self_device_ms=   0.000 cpu_ms=   0.008
    <built-in function linear>
    torch/nn/modules/linear.py(130): forward
    torch/nn/modules/module.py(1779): _call_impl
    nn.Module: Linear_13
    scope/core/pipelines/krea_realtime_video/modules/causal_model.py(1196): torch_dynamo_resume_in_forward_at_1196
    scope/core/pipelines/krea_realtime_video/modules/causal_model.py(1190): torch_dynamo_resume_in_forward_at_1190
    scope/core/pipelines/krea_realtime_video/modules/causal_model.py(939): forward
    torch/nn/modules/module.py(1779): _call_impl
    nn.Module: CausalWanSelfAttention_7
    scope/core/pipelines/krea_realtime_video/modules/causal_model.py(1730): forward
    torch/nn/modules/module.py(1779): _call_impl
    torch/_dynamo/eval_frame.py(791): compile_wrapper
  count=4       device_ms=   0.000 self_device_ms=   0.000 cpu_ms=   0.007
    <built-in function linear>
    torch/nn/modules/linear.py(130): forward
    torch/nn/modules/module.py(1779): _call_impl
    nn.Module: Linear_14
    scope/core/pipelines/krea_realtime_video/modules/causal_model.py(1196): torch_dynamo_resume_in_forward_at_1196
    scope/core/pipelines/krea_realtime_video/modules/causal_model.py(1190): torch_dynamo_resume_in_forward_at_1190
    scope/core/pipelines/krea_realtime_video/modules/causal_model.py(939): forward
    torch/nn/modules/module.py(1779): _call_impl
    nn.Module: CausalWanSelfAttention_8
    scope/core/pipelines/krea_realtime_video/modules/causal_model.py(1730): forward
    torch/nn/modules/module.py(1779): _call_impl
    torch/_dynamo/eval_frame.py(791): compile_wrapper
  count=4       device_ms=   0.000 self_device_ms=   0.000 cpu_ms=   0.008
    <built-in function linear>
    torch/nn/modules/linear.py(130): forward
    torch/nn/modules/module.py(1779): _call_impl
    nn.Module: Linear_15
    scope/core/pipelines/krea_realtime_video/modules/causal_model.py(1196): torch_dynamo_resume_in_forward_at_1196
    scope/core/pipelines/krea_realtime_video/modules/causal_model.py(1190): torch_dynamo_resume_in_forward_at_1190
    scope/core/pipelines/krea_realtime_video/modules/causal_model.py(939): forward
    torch/nn/modules/module.py(1779): _call_impl
    nn.Module: CausalWanSelfAttention_9
    scope/core/pipelines/krea_realtime_video/modules/causal_model.py(1730): forward
    torch/nn/modules/module.py(1779): _call_impl
    torch/_dynamo/eval_frame.py(791): compile_wrapper
  count=4       device_ms=   0.000 self_device_ms=   0.000 cpu_ms=   0.008
    <built-in function linear>
    torch/nn/modules/linear.py(130): forward
    torch/nn/modules/module.py(1779): _call_impl
    nn.Module: Linear_16
    scope/core/pipelines/krea_realtime_video/modules/causal_model.py(1196): torch_dynamo_resume_in_forward_at_1196
    scope/core/pipelines/krea_realtime_video/modules/causal_model.py(1190): torch_dynamo_resume_in_forward_at_1190
    scope/core/pipelines/krea_realtime_video/modules/causal_model.py(939): forward
    torch/nn/modules/module.py(1779): _call_impl
    nn.Module: CausalWanSelfAttention_10
    scope/core/pipelines/krea_realtime_video/modules/causal_model.py(1730): forward
    torch/nn/modules/module.py(1779): _call_impl
    torch/_dynamo/eval_frame.py(791): compile_wrapper
  count=4       device_ms=   0.000 self_device_ms=   0.000 cpu_ms=   0.008
    <built-in function linear>
    torch/nn/modules/linear.py(130): forward
    torch/nn/modules/module.py(1779): _call_impl
    nn.Module: Linear_17
    scope/core/pipelines/krea_realtime_video/modules/causal_model.py(1196): torch_dynamo_resume_in_forward_at_1196
    scope/core/pipelines/krea_realtime_video/modules/causal_model.py(1190): torch_dynamo_resume_in_forward_at_1190
    scope/core/pipelines/krea_realtime_video/modules/causal_model.py(939): forward
    torch/nn/modules/module.py(1779): _call_impl
    nn.Module: CausalWanSelfAttention_11
    scope/core/pipelines/krea_realtime_video/modules/causal_model.py(1730): forward
    torch/nn/modules/module.py(1779): _call_impl
    torch/_dynamo/eval_frame.py(791): compile_wrapper
  count=4       device_ms=   0.000 self_device_ms=   0.000 cpu_ms=   0.008
    <built-in function linear>
    torch/nn/modules/linear.py(130): forward
    torch/nn/modules/module.py(1779): _call_impl
    nn.Module: Linear_18
    scope/core/pipelines/krea_realtime_video/modules/causal_model.py(1196): torch_dynamo_resume_in_forward_at_1196
    scope/core/pipelines/krea_realtime_video/modules/causal_model.py(1190): torch_dynamo_resume_in_forward_at_1190
    scope/core/pipelines/krea_realtime_video/modules/causal_model.py(939): forward
    torch/nn/modules/module.py(1779): _call_impl
    nn.Module: CausalWanSelfAttention_12
    scope/core/pipelines/krea_realtime_video/modules/causal_model.py(1730): forward
    torch/nn/modules/module.py(1779): _call_impl
    torch/_dynamo/eval_frame.py(791): compile_wrapper
  count=1       device_ms=   0.000 self_device_ms=   0.000 cpu_ms=   0.002
    <built-in function linear>
    torch/nn/modules/linear.py(130): forward
    torch/nn/modules/module.py(1779): _call_impl
    nn.Module: Linear_19
    scope/core/pipelines/krea_realtime_video/modules/causal_model.py(1190): torch_dynamo_resume_in_forward_at_1190
    scope/core/pipelines/krea_realtime_video/modules/causal_model.py(939): forward
    torch/nn/modules/module.py(1779): _call_impl
    nn.Module: CausalWanSelfAttention_13
    scope/core/pipelines/krea_realtime_video/modules/causal_model.py(1730): forward
    torch/nn/modules/module.py(1779): _call_impl
    torch/_dynamo/eval_frame.py(791): compile_wrapper
    nn.Module: CausalWanAttentionBlock_13
  count=4       device_ms=   0.000 self_device_ms=   0.000 cpu_ms=   0.008
    <built-in function linear>
    torch/nn/modules/linear.py(130): forward
    torch/nn/modules/module.py(1779): _call_impl
    nn.Module: Linear_20
    scope/core/pipelines/krea_realtime_video/modules/causal_model.py(1196): torch_dynamo_resume_in_forward_at_1196
    scope/core/pipelines/krea_realtime_video/modules/causal_model.py(1190): torch_dynamo_resume_in_forward_at_1190
    scope/core/pipelines/krea_realtime_video/modules/causal_model.py(939): forward
    torch/nn/modules/module.py(1779): _call_impl
    nn.Module: CausalWanSelfAttention_14
    scope/core/pipelines/krea_realtime_video/modules/causal_model.py(1730): forward
    torch/nn/modules/module.py(1779): _call_impl
    torch/_dynamo/eval_frame.py(791): compile_wrapper
- aten::view: top 15
  count=1       device_ms=   0.000 self_device_ms=   0.000 cpu_ms=   0.002
    <built-in method apply_view_meta_sequence of pybind11_builtins.pybind11_detail_function_record_v1_system_libstdcpp_gxx_abi_1xxx_use_cxx11_abi_1 object at 0x700802783350>
    torch/_functorch/_aot_autograd/functional_utils.py(224): gen_alias_from_base
    torch/_functorch/_aot_autograd/runtime_wrappers.py(155): __call__
    torch/_functorch/_aot_autograd/runtime_wrappers.py(310): runtime_wrapper
    torch/_functorch/aot_autograd.py(1126): forward
    torch/_dynamo/eval_frame.py(1039): _fn
    scope/core/pipelines/wan2_1/modules/attention.py(168): flash_attention
    scope/core/pipelines/wan2_1/modules/attention.py(319): attention
    scope/core/pipelines/krea_realtime_video/modules/causal_model.py(1061): torch_dynamo_resume_in_forward_at_1061
    scope/core/pipelines/krea_realtime_video/modules/causal_model.py(939): forward
    torch/nn/modules/module.py(1779): _call_impl
    nn.Module: CausalWanSelfAttention_26
  count=1       device_ms=   0.000 self_device_ms=   0.000 cpu_ms=   0.002
    <built-in method apply_view_meta_sequence of pybind11_builtins.pybind11_detail_function_record_v1_system_libstdcpp_gxx_abi_1xxx_use_cxx11_abi_1 object at 0x700802783350>
    torch/_functorch/_aot_autograd/functional_utils.py(224): gen_alias_from_base
    torch/_functorch/_aot_autograd/runtime_wrappers.py(155): __call__
    torch/_functorch/_aot_autograd/runtime_wrappers.py(310): runtime_wrapper
    torch/_functorch/aot_autograd.py(1126): forward
    torch/_dynamo/eval_frame.py(1039): _fn
    scope/core/pipelines/wan2_1/modules/attention.py(168): flash_attention
    scope/core/pipelines/wan2_1/modules/attention.py(319): attention
    scope/core/pipelines/krea_realtime_video/modules/causal_model.py(1061): torch_dynamo_resume_in_forward_at_1061
    scope/core/pipelines/krea_realtime_video/modules/causal_model.py(939): forward
    torch/nn/modules/module.py(1779): _call_impl
    nn.Module: CausalWanSelfAttention_30
  count=4       device_ms=   0.000 self_device_ms=   0.000 cpu_ms=   0.009
    <built-in method flatten of Tensor object at 0x7004383b0ff0>
    scope/core/pipelines/krea_realtime_video/modules/causal_model.py(1196): torch_dynamo_resume_in_forward_at_1196
    scope/core/pipelines/krea_realtime_video/modules/causal_model.py(1190): torch_dynamo_resume_in_forward_at_1190
    scope/core/pipelines/krea_realtime_video/modules/causal_model.py(939): forward
    torch/nn/modules/module.py(1779): _call_impl
    nn.Module: CausalWanSelfAttention_0
    scope/core/pipelines/krea_realtime_video/modules/causal_model.py(1730): forward
    torch/nn/modules/module.py(1779): _call_impl
    torch/_dynamo/eval_frame.py(791): compile_wrapper
    nn.Module: CausalWanAttentionBlock_0
    scope/core/pipelines/krea_realtime_video/modules/causal_model.py(2286): _forward_inference
    scope/core/pipelines/krea_realtime_video/modules/causal_model.py(2623): forward
  count=8       device_ms=   0.000 self_device_ms=   0.000 cpu_ms=   0.006
    <built-in function linear>
    torch/nn/modules/linear.py(130): forward
    torch/nn/modules/module.py(1779): _call_impl
    nn.Module: Linear_6
    scope/core/pipelines/krea_realtime_video/modules/causal_model.py(1196): torch_dynamo_resume_in_forward_at_1196
    scope/core/pipelines/krea_realtime_video/modules/causal_model.py(1190): torch_dynamo_resume_in_forward_at_1190
    scope/core/pipelines/krea_realtime_video/modules/causal_model.py(939): forward
    torch/nn/modules/module.py(1779): _call_impl
    nn.Module: CausalWanSelfAttention_0
    scope/core/pipelines/krea_realtime_video/modules/causal_model.py(1730): forward
    torch/nn/modules/module.py(1779): _call_impl
    torch/_dynamo/eval_frame.py(791): compile_wrapper
  count=4       device_ms=   0.000 self_device_ms=   0.000 cpu_ms=   0.008
    <built-in method flatten of Tensor object at 0x7004383b0ff0>
    scope/core/pipelines/krea_realtime_video/modules/causal_model.py(1196): torch_dynamo_resume_in_forward_at_1196
    scope/core/pipelines/krea_realtime_video/modules/causal_model.py(1190): torch_dynamo_resume_in_forward_at_1190
    scope/core/pipelines/krea_realtime_video/modules/causal_model.py(939): forward
    torch/nn/modules/module.py(1779): _call_impl
    nn.Module: CausalWanSelfAttention_1
    scope/core/pipelines/krea_realtime_video/modules/causal_model.py(1730): forward
    torch/nn/modules/module.py(1779): _call_impl
    torch/_dynamo/eval_frame.py(791): compile_wrapper
    nn.Module: CausalWanAttentionBlock_1
    scope/core/pipelines/krea_realtime_video/modules/causal_model.py(2286): _forward_inference
    scope/core/pipelines/krea_realtime_video/modules/causal_model.py(2623): forward
  count=8       device_ms=   0.000 self_device_ms=   0.000 cpu_ms=   0.006
    <built-in function linear>
    torch/nn/modules/linear.py(130): forward
    torch/nn/modules/module.py(1779): _call_impl
    nn.Module: Linear_7
    scope/core/pipelines/krea_realtime_video/modules/causal_model.py(1196): torch_dynamo_resume_in_forward_at_1196
    scope/core/pipelines/krea_realtime_video/modules/causal_model.py(1190): torch_dynamo_resume_in_forward_at_1190
    scope/core/pipelines/krea_realtime_video/modules/causal_model.py(939): forward
    torch/nn/modules/module.py(1779): _call_impl
    nn.Module: CausalWanSelfAttention_1
    scope/core/pipelines/krea_realtime_video/modules/causal_model.py(1730): forward
    torch/nn/modules/module.py(1779): _call_impl
    torch/_dynamo/eval_frame.py(791): compile_wrapper
  count=4       device_ms=   0.000 self_device_ms=   0.000 cpu_ms=   0.009
    <built-in method flatten of Tensor object at 0x7004383b0ff0>
    scope/core/pipelines/krea_realtime_video/modules/causal_model.py(1196): torch_dynamo_resume_in_forward_at_1196
    scope/core/pipelines/krea_realtime_video/modules/causal_model.py(1190): torch_dynamo_resume_in_forward_at_1190
    scope/core/pipelines/krea_realtime_video/modules/causal_model.py(939): forward
    torch/nn/modules/module.py(1779): _call_impl
    nn.Module: CausalWanSelfAttention_2
    scope/core/pipelines/krea_realtime_video/modules/causal_model.py(1730): forward
    torch/nn/modules/module.py(1779): _call_impl
    torch/_dynamo/eval_frame.py(791): compile_wrapper
    nn.Module: CausalWanAttentionBlock_2
    scope/core/pipelines/krea_realtime_video/modules/causal_model.py(2286): _forward_inference
    scope/core/pipelines/krea_realtime_video/modules/causal_model.py(2623): forward
  count=8       device_ms=   0.000 self_device_ms=   0.000 cpu_ms=   0.007
    <built-in function linear>
    torch/nn/modules/linear.py(130): forward
    torch/nn/modules/module.py(1779): _call_impl
    nn.Module: Linear_8
    scope/core/pipelines/krea_realtime_video/modules/causal_model.py(1196): torch_dynamo_resume_in_forward_at_1196
    scope/core/pipelines/krea_realtime_video/modules/causal_model.py(1190): torch_dynamo_resume_in_forward_at_1190
    scope/core/pipelines/krea_realtime_video/modules/causal_model.py(939): forward
    torch/nn/modules/module.py(1779): _call_impl
    nn.Module: CausalWanSelfAttention_2
    scope/core/pipelines/krea_realtime_video/modules/causal_model.py(1730): forward
    torch/nn/modules/module.py(1779): _call_impl
    torch/_dynamo/eval_frame.py(791): compile_wrapper
  count=4       device_ms=   0.000 self_device_ms=   0.000 cpu_ms=   0.008
    <built-in method flatten of Tensor object at 0x7004383b0ff0>
    scope/core/pipelines/krea_realtime_video/modules/causal_model.py(1196): torch_dynamo_resume_in_forward_at_1196
    scope/core/pipelines/krea_realtime_video/modules/causal_model.py(1190): torch_dynamo_resume_in_forward_at_1190
    scope/core/pipelines/krea_realtime_video/modules/causal_model.py(939): forward
    torch/nn/modules/module.py(1779): _call_impl
    nn.Module: CausalWanSelfAttention_3
    scope/core/pipelines/krea_realtime_video/modules/causal_model.py(1730): forward
    torch/nn/modules/module.py(1779): _call_impl
    torch/_dynamo/eval_frame.py(791): compile_wrapper
    nn.Module: CausalWanAttentionBlock_3
    scope/core/pipelines/krea_realtime_video/modules/causal_model.py(2286): _forward_inference
    scope/core/pipelines/krea_realtime_video/modules/causal_model.py(2623): forward
  count=8       device_ms=   0.000 self_device_ms=   0.000 cpu_ms=   0.006
    <built-in function linear>
    torch/nn/modules/linear.py(130): forward
    torch/nn/modules/module.py(1779): _call_impl
    nn.Module: Linear_9
    scope/core/pipelines/krea_realtime_video/modules/causal_model.py(1196): torch_dynamo_resume_in_forward_at_1196
    scope/core/pipelines/krea_realtime_video/modules/causal_model.py(1190): torch_dynamo_resume_in_forward_at_1190
    scope/core/pipelines/krea_realtime_video/modules/causal_model.py(939): forward
    torch/nn/modules/module.py(1779): _call_impl
    nn.Module: CausalWanSelfAttention_3
    scope/core/pipelines/krea_realtime_video/modules/causal_model.py(1730): forward
    torch/nn/modules/module.py(1779): _call_impl
    torch/_dynamo/eval_frame.py(791): compile_wrapper
  count=4       device_ms=   0.000 self_device_ms=   0.000 cpu_ms=   0.008
    <built-in method flatten of Tensor object at 0x7004383b0ff0>
    scope/core/pipelines/krea_realtime_video/modules/causal_model.py(1196): torch_dynamo_resume_in_forward_at_1196
    scope/core/pipelines/krea_realtime_video/modules/causal_model.py(1190): torch_dynamo_resume_in_forward_at_1190
    scope/core/pipelines/krea_realtime_video/modules/causal_model.py(939): forward
    torch/nn/modules/module.py(1779): _call_impl
    nn.Module: CausalWanSelfAttention_4
    scope/core/pipelines/krea_realtime_video/modules/causal_model.py(1730): forward
    torch/nn/modules/module.py(1779): _call_impl
    torch/_dynamo/eval_frame.py(791): compile_wrapper
    nn.Module: CausalWanAttentionBlock_4
    scope/core/pipelines/krea_realtime_video/modules/causal_model.py(2286): _forward_inference
    scope/core/pipelines/krea_realtime_video/modules/causal_model.py(2623): forward
  count=8       device_ms=   0.000 self_device_ms=   0.000 cpu_ms=   0.006
    <built-in function linear>
    torch/nn/modules/linear.py(130): forward
    torch/nn/modules/module.py(1779): _call_impl
    nn.Module: Linear_10
    scope/core/pipelines/krea_realtime_video/modules/causal_model.py(1196): torch_dynamo_resume_in_forward_at_1196
    scope/core/pipelines/krea_realtime_video/modules/causal_model.py(1190): torch_dynamo_resume_in_forward_at_1190
    scope/core/pipelines/krea_realtime_video/modules/causal_model.py(939): forward
    torch/nn/modules/module.py(1779): _call_impl
    nn.Module: CausalWanSelfAttention_4
    scope/core/pipelines/krea_realtime_video/modules/causal_model.py(1730): forward
    torch/nn/modules/module.py(1779): _call_impl
    torch/_dynamo/eval_frame.py(791): compile_wrapper
  count=4       device_ms=   0.000 self_device_ms=   0.000 cpu_ms=   0.008
    <built-in method flatten of Tensor object at 0x7004383b0ff0>
    scope/core/pipelines/krea_realtime_video/modules/causal_model.py(1196): torch_dynamo_resume_in_forward_at_1196
    scope/core/pipelines/krea_realtime_video/modules/causal_model.py(1190): torch_dynamo_resume_in_forward_at_1190
    scope/core/pipelines/krea_realtime_video/modules/causal_model.py(939): forward
    torch/nn/modules/module.py(1779): _call_impl
    nn.Module: CausalWanSelfAttention_5
    scope/core/pipelines/krea_realtime_video/modules/causal_model.py(1730): forward
    torch/nn/modules/module.py(1779): _call_impl
    torch/_dynamo/eval_frame.py(791): compile_wrapper
    nn.Module: CausalWanAttentionBlock_5
    scope/core/pipelines/krea_realtime_video/modules/causal_model.py(2286): _forward_inference
    scope/core/pipelines/krea_realtime_video/modules/causal_model.py(2623): forward
  count=8       device_ms=   0.000 self_device_ms=   0.000 cpu_ms=   0.006
    <built-in function linear>
    torch/nn/modules/linear.py(130): forward
    torch/nn/modules/module.py(1779): _call_impl
    nn.Module: Linear_11
    scope/core/pipelines/krea_realtime_video/modules/causal_model.py(1196): torch_dynamo_resume_in_forward_at_1196
    scope/core/pipelines/krea_realtime_video/modules/causal_model.py(1190): torch_dynamo_resume_in_forward_at_1190
    scope/core/pipelines/krea_realtime_video/modules/causal_model.py(939): forward
    torch/nn/modules/module.py(1779): _call_impl
    nn.Module: CausalWanSelfAttention_5
    scope/core/pipelines/krea_realtime_video/modules/causal_model.py(1730): forward
    torch/nn/modules/module.py(1779): _call_impl
    torch/_dynamo/eval_frame.py(791): compile_wrapper
  count=4       device_ms=   0.000 self_device_ms=   0.000 cpu_ms=   0.008
    <built-in method flatten of Tensor object at 0x7004383b0ff0>
    scope/core/pipelines/krea_realtime_video/modules/causal_model.py(1196): torch_dynamo_resume_in_forward_at_1196
    scope/core/pipelines/krea_realtime_video/modules/causal_model.py(1190): torch_dynamo_resume_in_forward_at_1190
    scope/core/pipelines/krea_realtime_video/modules/causal_model.py(939): forward
    torch/nn/modules/module.py(1779): _call_impl
    nn.Module: CausalWanSelfAttention_6
    scope/core/pipelines/krea_realtime_video/modules/causal_model.py(1730): forward
    torch/nn/modules/module.py(1779): _call_impl
    torch/_dynamo/eval_frame.py(791): compile_wrapper
    nn.Module: CausalWanAttentionBlock_6
    scope/core/pipelines/krea_realtime_video/modules/causal_model.py(2286): _forward_inference
    scope/core/pipelines/krea_realtime_video/modules/causal_model.py(2623): forward
- aten::reshape: top 15
  count=4       device_ms=   0.000 self_device_ms=   0.000 cpu_ms=   0.006
    <built-in function linear>
    torch/nn/modules/linear.py(130): forward
    torch/nn/modules/module.py(1779): _call_impl
    nn.Module: Linear_6
    scope/core/pipelines/krea_realtime_video/modules/causal_model.py(1196): torch_dynamo_resume_in_forward_at_1196
    scope/core/pipelines/krea_realtime_video/modules/causal_model.py(1190): torch_dynamo_resume_in_forward_at_1190
    scope/core/pipelines/krea_realtime_video/modules/causal_model.py(939): forward
    torch/nn/modules/module.py(1779): _call_impl
    nn.Module: CausalWanSelfAttention_0
    scope/core/pipelines/krea_realtime_video/modules/causal_model.py(1730): forward
    torch/nn/modules/module.py(1779): _call_impl
    torch/_dynamo/eval_frame.py(791): compile_wrapper
  count=4       device_ms=   0.000 self_device_ms=   0.000 cpu_ms=   0.006
    <built-in function linear>
    torch/nn/modules/linear.py(130): forward
    torch/nn/modules/module.py(1779): _call_impl
    nn.Module: Linear_7
    scope/core/pipelines/krea_realtime_video/modules/causal_model.py(1196): torch_dynamo_resume_in_forward_at_1196
    scope/core/pipelines/krea_realtime_video/modules/causal_model.py(1190): torch_dynamo_resume_in_forward_at_1190
    scope/core/pipelines/krea_realtime_video/modules/causal_model.py(939): forward
    torch/nn/modules/module.py(1779): _call_impl
    nn.Module: CausalWanSelfAttention_1
    scope/core/pipelines/krea_realtime_video/modules/causal_model.py(1730): forward
    torch/nn/modules/module.py(1779): _call_impl
    torch/_dynamo/eval_frame.py(791): compile_wrapper
  count=4       device_ms=   0.000 self_device_ms=   0.000 cpu_ms=   0.006
    <built-in function linear>
    torch/nn/modules/linear.py(130): forward
    torch/nn/modules/module.py(1779): _call_impl
    nn.Module: Linear_8
    scope/core/pipelines/krea_realtime_video/modules/causal_model.py(1196): torch_dynamo_resume_in_forward_at_1196
    scope/core/pipelines/krea_realtime_video/modules/causal_model.py(1190): torch_dynamo_resume_in_forward_at_1190
    scope/core/pipelines/krea_realtime_video/modules/causal_model.py(939): forward
    torch/nn/modules/module.py(1779): _call_impl
    nn.Module: CausalWanSelfAttention_2
    scope/core/pipelines/krea_realtime_video/modules/causal_model.py(1730): forward
    torch/nn/modules/module.py(1779): _call_impl
    torch/_dynamo/eval_frame.py(791): compile_wrapper
  count=4       device_ms=   0.000 self_device_ms=   0.000 cpu_ms=   0.006
    <built-in function linear>
    torch/nn/modules/linear.py(130): forward
    torch/nn/modules/module.py(1779): _call_impl
    nn.Module: Linear_9
    scope/core/pipelines/krea_realtime_video/modules/causal_model.py(1196): torch_dynamo_resume_in_forward_at_1196
    scope/core/pipelines/krea_realtime_video/modules/causal_model.py(1190): torch_dynamo_resume_in_forward_at_1190
    scope/core/pipelines/krea_realtime_video/modules/causal_model.py(939): forward
    torch/nn/modules/module.py(1779): _call_impl
    nn.Module: CausalWanSelfAttention_3
    scope/core/pipelines/krea_realtime_video/modules/causal_model.py(1730): forward
    torch/nn/modules/module.py(1779): _call_impl
    torch/_dynamo/eval_frame.py(791): compile_wrapper
  count=4       device_ms=   0.000 self_device_ms=   0.000 cpu_ms=   0.006
    <built-in function linear>
    torch/nn/modules/linear.py(130): forward
    torch/nn/modules/module.py(1779): _call_impl
    nn.Module: Linear_10
    scope/core/pipelines/krea_realtime_video/modules/causal_model.py(1196): torch_dynamo_resume_in_forward_at_1196
    scope/core/pipelines/krea_realtime_video/modules/causal_model.py(1190): torch_dynamo_resume_in_forward_at_1190
    scope/core/pipelines/krea_realtime_video/modules/causal_model.py(939): forward
    torch/nn/modules/module.py(1779): _call_impl
    nn.Module: CausalWanSelfAttention_4
    scope/core/pipelines/krea_realtime_video/modules/causal_model.py(1730): forward
    torch/nn/modules/module.py(1779): _call_impl
    torch/_dynamo/eval_frame.py(791): compile_wrapper
  count=4       device_ms=   0.000 self_device_ms=   0.000 cpu_ms=   0.006
    <built-in function linear>
    torch/nn/modules/linear.py(130): forward
    torch/nn/modules/module.py(1779): _call_impl
    nn.Module: Linear_11
    scope/core/pipelines/krea_realtime_video/modules/causal_model.py(1196): torch_dynamo_resume_in_forward_at_1196
    scope/core/pipelines/krea_realtime_video/modules/causal_model.py(1190): torch_dynamo_resume_in_forward_at_1190
    scope/core/pipelines/krea_realtime_video/modules/causal_model.py(939): forward
    torch/nn/modules/module.py(1779): _call_impl
    nn.Module: CausalWanSelfAttention_5
    scope/core/pipelines/krea_realtime_video/modules/causal_model.py(1730): forward
    torch/nn/modules/module.py(1779): _call_impl
    torch/_dynamo/eval_frame.py(791): compile_wrapper
  count=4       device_ms=   0.000 self_device_ms=   0.000 cpu_ms=   0.006
    <built-in function linear>
    torch/nn/modules/linear.py(130): forward
    torch/nn/modules/module.py(1779): _call_impl
    nn.Module: Linear_12
    scope/core/pipelines/krea_realtime_video/modules/causal_model.py(1196): torch_dynamo_resume_in_forward_at_1196
    scope/core/pipelines/krea_realtime_video/modules/causal_model.py(1190): torch_dynamo_resume_in_forward_at_1190
    scope/core/pipelines/krea_realtime_video/modules/causal_model.py(939): forward
    torch/nn/modules/module.py(1779): _call_impl
    nn.Module: CausalWanSelfAttention_6
    scope/core/pipelines/krea_realtime_video/modules/causal_model.py(1730): forward
    torch/nn/modules/module.py(1779): _call_impl
    torch/_dynamo/eval_frame.py(791): compile_wrapper
  count=4       device_ms=   0.000 self_device_ms=   0.000 cpu_ms=   0.006
    <built-in function linear>
    torch/nn/modules/linear.py(130): forward
    torch/nn/modules/module.py(1779): _call_impl
    nn.Module: Linear_13
    scope/core/pipelines/krea_realtime_video/modules/causal_model.py(1196): torch_dynamo_resume_in_forward_at_1196
    scope/core/pipelines/krea_realtime_video/modules/causal_model.py(1190): torch_dynamo_resume_in_forward_at_1190
    scope/core/pipelines/krea_realtime_video/modules/causal_model.py(939): forward
    torch/nn/modules/module.py(1779): _call_impl
    nn.Module: CausalWanSelfAttention_7
    scope/core/pipelines/krea_realtime_video/modules/causal_model.py(1730): forward
    torch/nn/modules/module.py(1779): _call_impl
    torch/_dynamo/eval_frame.py(791): compile_wrapper
  count=4       device_ms=   0.000 self_device_ms=   0.000 cpu_ms=   0.006
    <built-in function linear>
    torch/nn/modules/linear.py(130): forward
    torch/nn/modules/module.py(1779): _call_impl
    nn.Module: Linear_14
    scope/core/pipelines/krea_realtime_video/modules/causal_model.py(1196): torch_dynamo_resume_in_forward_at_1196
    scope/core/pipelines/krea_realtime_video/modules/causal_model.py(1190): torch_dynamo_resume_in_forward_at_1190
    scope/core/pipelines/krea_realtime_video/modules/causal_model.py(939): forward
    torch/nn/modules/module.py(1779): _call_impl
    nn.Module: CausalWanSelfAttention_8
    scope/core/pipelines/krea_realtime_video/modules/causal_model.py(1730): forward
    torch/nn/modules/module.py(1779): _call_impl
    torch/_dynamo/eval_frame.py(791): compile_wrapper
  count=4       device_ms=   0.000 self_device_ms=   0.000 cpu_ms=   0.006
    <built-in function linear>
    torch/nn/modules/linear.py(130): forward
    torch/nn/modules/module.py(1779): _call_impl
    nn.Module: Linear_15
    scope/core/pipelines/krea_realtime_video/modules/causal_model.py(1196): torch_dynamo_resume_in_forward_at_1196
    scope/core/pipelines/krea_realtime_video/modules/causal_model.py(1190): torch_dynamo_resume_in_forward_at_1190
    scope/core/pipelines/krea_realtime_video/modules/causal_model.py(939): forward
    torch/nn/modules/module.py(1779): _call_impl
    nn.Module: CausalWanSelfAttention_9
    scope/core/pipelines/krea_realtime_video/modules/causal_model.py(1730): forward
    torch/nn/modules/module.py(1779): _call_impl
    torch/_dynamo/eval_frame.py(791): compile_wrapper
  count=4       device_ms=   0.000 self_device_ms=   0.000 cpu_ms=   0.010
    <built-in function linear>
    torch/nn/modules/linear.py(130): forward
    torch/nn/modules/module.py(1779): _call_impl
    nn.Module: Linear_16
    scope/core/pipelines/krea_realtime_video/modules/causal_model.py(1196): torch_dynamo_resume_in_forward_at_1196
    scope/core/pipelines/krea_realtime_video/modules/causal_model.py(1190): torch_dynamo_resume_in_forward_at_1190
    scope/core/pipelines/krea_realtime_video/modules/causal_model.py(939): forward
    torch/nn/modules/module.py(1779): _call_impl
    nn.Module: CausalWanSelfAttention_10
    scope/core/pipelines/krea_realtime_video/modules/causal_model.py(1730): forward
    torch/nn/modules/module.py(1779): _call_impl
    torch/_dynamo/eval_frame.py(791): compile_wrapper
  count=4       device_ms=   0.000 self_device_ms=   0.000 cpu_ms=   0.006
    <built-in function linear>
    torch/nn/modules/linear.py(130): forward
    torch/nn/modules/module.py(1779): _call_impl
    nn.Module: Linear_17
    scope/core/pipelines/krea_realtime_video/modules/causal_model.py(1196): torch_dynamo_resume_in_forward_at_1196
    scope/core/pipelines/krea_realtime_video/modules/causal_model.py(1190): torch_dynamo_resume_in_forward_at_1190
    scope/core/pipelines/krea_realtime_video/modules/causal_model.py(939): forward
    torch/nn/modules/module.py(1779): _call_impl
    nn.Module: CausalWanSelfAttention_11
    scope/core/pipelines/krea_realtime_video/modules/causal_model.py(1730): forward
    torch/nn/modules/module.py(1779): _call_impl
    torch/_dynamo/eval_frame.py(791): compile_wrapper
  count=4       device_ms=   0.000 self_device_ms=   0.000 cpu_ms=   0.006
    <built-in function linear>
    torch/nn/modules/linear.py(130): forward
    torch/nn/modules/module.py(1779): _call_impl
    nn.Module: Linear_18
    scope/core/pipelines/krea_realtime_video/modules/causal_model.py(1196): torch_dynamo_resume_in_forward_at_1196
    scope/core/pipelines/krea_realtime_video/modules/causal_model.py(1190): torch_dynamo_resume_in_forward_at_1190
    scope/core/pipelines/krea_realtime_video/modules/causal_model.py(939): forward
    torch/nn/modules/module.py(1779): _call_impl
    nn.Module: CausalWanSelfAttention_12
    scope/core/pipelines/krea_realtime_video/modules/causal_model.py(1730): forward
    torch/nn/modules/module.py(1779): _call_impl
    torch/_dynamo/eval_frame.py(791): compile_wrapper
  count=1       device_ms=   0.000 self_device_ms=   0.000 cpu_ms=   0.002
    <built-in function linear>
    torch/nn/modules/linear.py(130): forward
    torch/nn/modules/module.py(1779): _call_impl
    nn.Module: Linear_19
    scope/core/pipelines/krea_realtime_video/modules/causal_model.py(1190): torch_dynamo_resume_in_forward_at_1190
    scope/core/pipelines/krea_realtime_video/modules/causal_model.py(939): forward
    torch/nn/modules/module.py(1779): _call_impl
    nn.Module: CausalWanSelfAttention_13
    scope/core/pipelines/krea_realtime_video/modules/causal_model.py(1730): forward
    torch/nn/modules/module.py(1779): _call_impl
    torch/_dynamo/eval_frame.py(791): compile_wrapper
    nn.Module: CausalWanAttentionBlock_13
  count=4       device_ms=   0.000 self_device_ms=   0.000 cpu_ms=   0.007
    <built-in function linear>
    torch/nn/modules/linear.py(130): forward
    torch/nn/modules/module.py(1779): _call_impl
    nn.Module: Linear_20
    scope/core/pipelines/krea_realtime_video/modules/causal_model.py(1196): torch_dynamo_resume_in_forward_at_1196
    scope/core/pipelines/krea_realtime_video/modules/causal_model.py(1190): torch_dynamo_resume_in_forward_at_1190
    scope/core/pipelines/krea_realtime_video/modules/causal_model.py(939): forward
    torch/nn/modules/module.py(1779): _call_impl
    nn.Module: CausalWanSelfAttention_14
    scope/core/pipelines/krea_realtime_video/modules/causal_model.py(1730): forward
    torch/nn/modules/module.py(1779): _call_impl
    torch/_dynamo/eval_frame.py(791): compile_wrapper
- aten::permute: (no events)
- aten::select: top 15
  count=1       device_ms=   0.000 self_device_ms=   0.000 cpu_ms=   0.005
    scope/core/kernels/triton_rope_fused.py(444): _as_int3
    torch/_dynamo/eval_frame.py(1039): _fn
    scope/core/kernels/triton_rope_fused.py(496): rope_fused_3way
    scope/core/pipelines/krea_realtime_video/modules/model.py(159): rope_apply
    scope/core/pipelines/krea_realtime_video/modules/causal_model.py(939): forward
    torch/nn/modules/module.py(1779): _call_impl
    nn.Module: CausalWanSelfAttention_0
    scope/core/pipelines/krea_realtime_video/modules/causal_model.py(1730): forward
    torch/nn/modules/module.py(1779): _call_impl
    torch/_dynamo/eval_frame.py(791): compile_wrapper
    nn.Module: CausalWanAttentionBlock_0
    scope/core/pipelines/krea_realtime_video/modules/causal_model.py(2286): _forward_inference
  count=1       device_ms=   0.000 self_device_ms=   0.000 cpu_ms=   0.003
    scope/core/kernels/triton_rope_fused.py(444): _as_int3
    torch/_dynamo/eval_frame.py(1039): _fn
    scope/core/kernels/triton_rope_fused.py(496): rope_fused_3way
    scope/core/pipelines/krea_realtime_video/modules/model.py(159): rope_apply
    scope/core/pipelines/krea_realtime_video/modules/causal_model.py(1061): torch_dynamo_resume_in_forward_at_1061
    scope/core/pipelines/krea_realtime_video/modules/causal_model.py(939): forward
    torch/nn/modules/module.py(1779): _call_impl
    nn.Module: CausalWanSelfAttention_0
    scope/core/pipelines/krea_realtime_video/modules/causal_model.py(1730): forward
    torch/nn/modules/module.py(1779): _call_impl
    torch/_dynamo/eval_frame.py(791): compile_wrapper
    nn.Module: CausalWanAttentionBlock_0
  count=1       device_ms=   0.000 self_device_ms=   0.000 cpu_ms=   0.005
    scope/core/kernels/triton_rope_fused.py(444): _as_int3
    torch/_dynamo/eval_frame.py(1039): _fn
    scope/core/kernels/triton_rope_fused.py(496): rope_fused_3way
    scope/core/pipelines/krea_realtime_video/modules/model.py(159): rope_apply
    scope/core/pipelines/krea_realtime_video/modules/causal_model.py(939): forward
    torch/nn/modules/module.py(1779): _call_impl
    nn.Module: CausalWanSelfAttention_1
    scope/core/pipelines/krea_realtime_video/modules/causal_model.py(1730): forward
    torch/nn/modules/module.py(1779): _call_impl
    torch/_dynamo/eval_frame.py(791): compile_wrapper
    nn.Module: CausalWanAttentionBlock_1
    scope/core/pipelines/krea_realtime_video/modules/causal_model.py(2286): _forward_inference
  count=1       device_ms=   0.000 self_device_ms=   0.000 cpu_ms=   0.002
    scope/core/kernels/triton_rope_fused.py(444): _as_int3
    torch/_dynamo/eval_frame.py(1039): _fn
    scope/core/kernels/triton_rope_fused.py(496): rope_fused_3way
    scope/core/pipelines/krea_realtime_video/modules/model.py(159): rope_apply
    scope/core/pipelines/krea_realtime_video/modules/causal_model.py(1061): torch_dynamo_resume_in_forward_at_1061
    scope/core/pipelines/krea_realtime_video/modules/causal_model.py(939): forward
    torch/nn/modules/module.py(1779): _call_impl
    nn.Module: CausalWanSelfAttention_1
    scope/core/pipelines/krea_realtime_video/modules/causal_model.py(1730): forward
    torch/nn/modules/module.py(1779): _call_impl
    torch/_dynamo/eval_frame.py(791): compile_wrapper
    nn.Module: CausalWanAttentionBlock_1
  count=1       device_ms=   0.000 self_device_ms=   0.000 cpu_ms=   0.004
    scope/core/kernels/triton_rope_fused.py(444): _as_int3
    torch/_dynamo/eval_frame.py(1039): _fn
    scope/core/kernels/triton_rope_fused.py(496): rope_fused_3way
    scope/core/pipelines/krea_realtime_video/modules/model.py(159): rope_apply
    scope/core/pipelines/krea_realtime_video/modules/causal_model.py(939): forward
    torch/nn/modules/module.py(1779): _call_impl
    nn.Module: CausalWanSelfAttention_2
    scope/core/pipelines/krea_realtime_video/modules/causal_model.py(1730): forward
    torch/nn/modules/module.py(1779): _call_impl
    torch/_dynamo/eval_frame.py(791): compile_wrapper
    nn.Module: CausalWanAttentionBlock_2
    scope/core/pipelines/krea_realtime_video/modules/causal_model.py(2286): _forward_inference
  count=1       device_ms=   0.000 self_device_ms=   0.000 cpu_ms=   0.002
    scope/core/kernels/triton_rope_fused.py(444): _as_int3
    torch/_dynamo/eval_frame.py(1039): _fn
    scope/core/kernels/triton_rope_fused.py(496): rope_fused_3way
    scope/core/pipelines/krea_realtime_video/modules/model.py(159): rope_apply
    scope/core/pipelines/krea_realtime_video/modules/causal_model.py(1061): torch_dynamo_resume_in_forward_at_1061
    scope/core/pipelines/krea_realtime_video/modules/causal_model.py(939): forward
    torch/nn/modules/module.py(1779): _call_impl
    nn.Module: CausalWanSelfAttention_2
    scope/core/pipelines/krea_realtime_video/modules/causal_model.py(1730): forward
    torch/nn/modules/module.py(1779): _call_impl
    torch/_dynamo/eval_frame.py(791): compile_wrapper
    nn.Module: CausalWanAttentionBlock_2
  count=1       device_ms=   0.000 self_device_ms=   0.000 cpu_ms=   0.004
    scope/core/kernels/triton_rope_fused.py(444): _as_int3
    torch/_dynamo/eval_frame.py(1039): _fn
    scope/core/kernels/triton_rope_fused.py(496): rope_fused_3way
    scope/core/pipelines/krea_realtime_video/modules/model.py(159): rope_apply
    scope/core/pipelines/krea_realtime_video/modules/causal_model.py(939): forward
    torch/nn/modules/module.py(1779): _call_impl
    nn.Module: CausalWanSelfAttention_3
    scope/core/pipelines/krea_realtime_video/modules/causal_model.py(1730): forward
    torch/nn/modules/module.py(1779): _call_impl
    torch/_dynamo/eval_frame.py(791): compile_wrapper
    nn.Module: CausalWanAttentionBlock_3
    scope/core/pipelines/krea_realtime_video/modules/causal_model.py(2286): _forward_inference
  count=1       device_ms=   0.000 self_device_ms=   0.000 cpu_ms=   0.002
    scope/core/kernels/triton_rope_fused.py(444): _as_int3
    torch/_dynamo/eval_frame.py(1039): _fn
    scope/core/kernels/triton_rope_fused.py(496): rope_fused_3way
    scope/core/pipelines/krea_realtime_video/modules/model.py(159): rope_apply
    scope/core/pipelines/krea_realtime_video/modules/causal_model.py(1061): torch_dynamo_resume_in_forward_at_1061
    scope/core/pipelines/krea_realtime_video/modules/causal_model.py(939): forward
    torch/nn/modules/module.py(1779): _call_impl
    nn.Module: CausalWanSelfAttention_3
    scope/core/pipelines/krea_realtime_video/modules/causal_model.py(1730): forward
    torch/nn/modules/module.py(1779): _call_impl
    torch/_dynamo/eval_frame.py(791): compile_wrapper
    nn.Module: CausalWanAttentionBlock_3
  count=1       device_ms=   0.000 self_device_ms=   0.000 cpu_ms=   0.004
    scope/core/kernels/triton_rope_fused.py(444): _as_int3
    torch/_dynamo/eval_frame.py(1039): _fn
    scope/core/kernels/triton_rope_fused.py(496): rope_fused_3way
    scope/core/pipelines/krea_realtime_video/modules/model.py(159): rope_apply
    scope/core/pipelines/krea_realtime_video/modules/causal_model.py(939): forward
    torch/nn/modules/module.py(1779): _call_impl
    nn.Module: CausalWanSelfAttention_4
    scope/core/pipelines/krea_realtime_video/modules/causal_model.py(1730): forward
    torch/nn/modules/module.py(1779): _call_impl
    torch/_dynamo/eval_frame.py(791): compile_wrapper
    nn.Module: CausalWanAttentionBlock_4
    scope/core/pipelines/krea_realtime_video/modules/causal_model.py(2286): _forward_inference
  count=1       device_ms=   0.000 self_device_ms=   0.000 cpu_ms=   0.002
    scope/core/kernels/triton_rope_fused.py(444): _as_int3
    torch/_dynamo/eval_frame.py(1039): _fn
    scope/core/kernels/triton_rope_fused.py(496): rope_fused_3way
    scope/core/pipelines/krea_realtime_video/modules/model.py(159): rope_apply
    scope/core/pipelines/krea_realtime_video/modules/causal_model.py(1061): torch_dynamo_resume_in_forward_at_1061
    scope/core/pipelines/krea_realtime_video/modules/causal_model.py(939): forward
    torch/nn/modules/module.py(1779): _call_impl
    nn.Module: CausalWanSelfAttention_4
    scope/core/pipelines/krea_realtime_video/modules/causal_model.py(1730): forward
    torch/nn/modules/module.py(1779): _call_impl
    torch/_dynamo/eval_frame.py(791): compile_wrapper
    nn.Module: CausalWanAttentionBlock_4
  count=1       device_ms=   0.000 self_device_ms=   0.000 cpu_ms=   0.004
    scope/core/kernels/triton_rope_fused.py(444): _as_int3
    torch/_dynamo/eval_frame.py(1039): _fn
    scope/core/kernels/triton_rope_fused.py(496): rope_fused_3way
    scope/core/pipelines/krea_realtime_video/modules/model.py(159): rope_apply
    scope/core/pipelines/krea_realtime_video/modules/causal_model.py(939): forward
    torch/nn/modules/module.py(1779): _call_impl
    nn.Module: CausalWanSelfAttention_5
    scope/core/pipelines/krea_realtime_video/modules/causal_model.py(1730): forward
    torch/nn/modules/module.py(1779): _call_impl
    torch/_dynamo/eval_frame.py(791): compile_wrapper
    nn.Module: CausalWanAttentionBlock_5
    scope/core/pipelines/krea_realtime_video/modules/causal_model.py(2286): _forward_inference
  count=1       device_ms=   0.000 self_device_ms=   0.000 cpu_ms=   0.002
    scope/core/kernels/triton_rope_fused.py(444): _as_int3
    torch/_dynamo/eval_frame.py(1039): _fn
    scope/core/kernels/triton_rope_fused.py(496): rope_fused_3way
    scope/core/pipelines/krea_realtime_video/modules/model.py(159): rope_apply
    scope/core/pipelines/krea_realtime_video/modules/causal_model.py(1061): torch_dynamo_resume_in_forward_at_1061
    scope/core/pipelines/krea_realtime_video/modules/causal_model.py(939): forward
    torch/nn/modules/module.py(1779): _call_impl
    nn.Module: CausalWanSelfAttention_5
    scope/core/pipelines/krea_realtime_video/modules/causal_model.py(1730): forward
    torch/nn/modules/module.py(1779): _call_impl
    torch/_dynamo/eval_frame.py(791): compile_wrapper
    nn.Module: CausalWanAttentionBlock_5
  count=1       device_ms=   0.000 self_device_ms=   0.000 cpu_ms=   0.004
    scope/core/kernels/triton_rope_fused.py(444): _as_int3
    torch/_dynamo/eval_frame.py(1039): _fn
    scope/core/kernels/triton_rope_fused.py(496): rope_fused_3way
    scope/core/pipelines/krea_realtime_video/modules/model.py(159): rope_apply
    scope/core/pipelines/krea_realtime_video/modules/causal_model.py(939): forward
    torch/nn/modules/module.py(1779): _call_impl
    nn.Module: CausalWanSelfAttention_6
    scope/core/pipelines/krea_realtime_video/modules/causal_model.py(1730): forward
    torch/nn/modules/module.py(1779): _call_impl
    torch/_dynamo/eval_frame.py(791): compile_wrapper
    nn.Module: CausalWanAttentionBlock_6
    scope/core/pipelines/krea_realtime_video/modules/causal_model.py(2286): _forward_inference
  count=1       device_ms=   0.000 self_device_ms=   0.000 cpu_ms=   0.002
    scope/core/kernels/triton_rope_fused.py(444): _as_int3
    torch/_dynamo/eval_frame.py(1039): _fn
    scope/core/kernels/triton_rope_fused.py(496): rope_fused_3way
    scope/core/pipelines/krea_realtime_video/modules/model.py(159): rope_apply
    scope/core/pipelines/krea_realtime_video/modules/causal_model.py(1061): torch_dynamo_resume_in_forward_at_1061
    scope/core/pipelines/krea_realtime_video/modules/causal_model.py(939): forward
    torch/nn/modules/module.py(1779): _call_impl
    nn.Module: CausalWanSelfAttention_6
    scope/core/pipelines/krea_realtime_video/modules/causal_model.py(1730): forward
    torch/nn/modules/module.py(1779): _call_impl
    torch/_dynamo/eval_frame.py(791): compile_wrapper
    nn.Module: CausalWanAttentionBlock_6
  count=1       device_ms=   0.000 self_device_ms=   0.000 cpu_ms=   0.004
    scope/core/kernels/triton_rope_fused.py(444): _as_int3
    torch/_dynamo/eval_frame.py(1039): _fn
    scope/core/kernels/triton_rope_fused.py(496): rope_fused_3way
    scope/core/pipelines/krea_realtime_video/modules/model.py(159): rope_apply
    scope/core/pipelines/krea_realtime_video/modules/causal_model.py(939): forward
    torch/nn/modules/module.py(1779): _call_impl
    nn.Module: CausalWanSelfAttention_7
    scope/core/pipelines/krea_realtime_video/modules/causal_model.py(1730): forward
    torch/nn/modules/module.py(1779): _call_impl
    torch/_dynamo/eval_frame.py(791): compile_wrapper
    nn.Module: CausalWanAttentionBlock_7
    scope/core/pipelines/krea_realtime_video/modules/causal_model.py(2286): _forward_inference

Wrote JSON: outputs/b300_cu130_triton351_ops_profile_selfattn_stack_topops_post_scalarfix_2025-12-27.json
Wrote summary: outputs/b300_cu130_triton351_ops_profile_selfattn_stack_topops_post_scalarfix_2025-12-27.md
