Modular Diffusers is currently an experimental feature under active development. The API is subject to breaking changes in future releases.
Skipping import of cpp extensions due to incompatible torch version 2.9.0+cu130 for torchao version 0.15.0+cu130             Please see https://github.com/pytorch/ao/issues/2919 for more info
Fetching 6 files:   0%|          | 0/6 [00:00<?, ?it/s]Fetching 6 files: 100%|██████████| 6/6 [00:00<00:00, 130392.87it/s]
Warning: Could not load sageattention: No module named 'sageattention'
sageattention package is not installed
SAGEATTN_AVAILABLE: False
TRITON_ROTARY_AVAILABLE: True, USE_TRITON_ROTARY: True
TRITON_ROPE_FUSED_AVAILABLE: True, USE_TRITON_ROPE_FUSED: True
CUDA device: NVIDIA B300 SXM6 AC
Compute capability: (10, 3)
torch: 2.9.0+cu130 (cuda=13.0)
cudnn.benchmark: False
Loaded diffusion model in 0.076441s
Loaded text encoder in 0.316867s
Loaded VAE in 0.129s
Warmed up (3 runs) in 15.00s
Pre-warm (outside timing): 1 iteration(s)
iter=000 frames= 12 seconds=0.2128 fps=56.38
iter=001 frames= 12 seconds=0.2123 fps=56.53
iter=002 frames= 12 seconds=0.2102 fps=57.09
iter=003 frames= 12 seconds=0.2094 fps=57.30

Avg FPS (skip=1): 56.97
Wrote per-iter JSON: outputs/b300_v2v_256_gpu_v2_perf.json
