Modular Diffusers is currently an experimental feature under active development. The API is subject to breaking changes in future releases.
Skipping import of cpp extensions due to incompatible torch version 2.9.0+cu130 for torchao version 0.15.0+cu130             Please see https://github.com/pytorch/ao/issues/2919 for more info
Fetching 6 files:   0%|          | 0/6 [00:00<?, ?it/s]Fetching 6 files: 100%|██████████| 6/6 [00:00<00:00, 74676.04it/s]
Warning: Could not load sageattention: No module named 'sageattention'
sageattention package is not installed
SAGEATTN_AVAILABLE: False
TRITON_ROTARY_AVAILABLE: True, USE_TRITON_ROTARY: True
TRITON_ROPE_FUSED_AVAILABLE: True, USE_TRITON_ROPE_FUSED: True
CUDA device: NVIDIA B300 SXM6 AC
Compute capability: (10, 3)
torch: 2.9.0+cu130 (cuda=13.0)
cudnn.benchmark: True
Loaded diffusion model in 0.078719s
Loaded text encoder in 0.307622s
Loaded VAE in 0.136s
Warmed up (3 runs) in 12.91s
iter=000 frames=  9 seconds=0.5033 fps=17.88
iter=001 frames= 12 seconds=0.5327 fps=22.53
iter=002 frames= 12 seconds=0.5662 fps=21.19
iter=003 frames= 12 seconds=0.5650 fps=21.24
iter=004 frames= 12 seconds=0.5661 fps=21.20
iter=005 frames= 12 seconds=0.5602 fps=21.42
iter=006 frames= 12 seconds=0.5587 fps=21.48
iter=007 frames= 12 seconds=0.5562 fps=21.58
iter=008 frames= 12 seconds=0.5593 fps=21.46
iter=009 frames= 12 seconds=0.5661 fps=21.20

Avg FPS (skip=3): 21.37
Wrote per-iter JSON: outputs/b300_cu130_none_bias0.3_no_fuseproj_compile_it10_sk3_perf.json
