Modular Diffusers is currently an experimental feature under active development. The API is subject to breaking changes in future releases.
Skipping import of cpp extensions due to incompatible torch version 2.9.0+cu130 for torchao version 0.15.0+cu130             Please see https://github.com/pytorch/ao/issues/2919 for more info
Fetching 6 files:   0%|          | 0/6 [00:00<?, ?it/s]Fetching 6 files: 100%|██████████| 6/6 [00:00<00:00, 129055.51it/s]

Error in block: PrepareVideoLatentsBlock
Error details: unsupported operand type(s) for *: 'Tensor' and 'NoneType'
Traceback:
Traceback (most recent call last):
  File "/root/scope/.venv-b300-cu130-decode/lib/python3.12/site-packages/diffusers/modular_pipelines/modular_pipeline.py", line 646, in __call__
    return block(pipeline, state)
           ^^^^^^^^^^^^^^^^^^^^^^
  File "/root/scope/.venv-b300-cu130-decode/lib/python3.12/site-packages/torch/utils/_contextlib.py", line 120, in decorate_context
    return func(*args, **kwargs)
           ^^^^^^^^^^^^^^^^^^^^^
  File "/root/scope/src/scope/core/pipelines/wan2_1/blocks/prepare_video_latents.py", line 104, in __call__
    block_state.latents = noise * block_state.noise_scale + latents * (
                          ~~~~~~^~~~~~~~~~~~~~~~~~~~~~~~~
TypeError: unsupported operand type(s) for *: 'Tensor' and 'NoneType'

ERROR:scope.core.pipelines.krea_realtime_video.modular_blocks:
Error in block: (auto_prepare_latents, AutoPrepareLatentsBlock)
Error details: unsupported operand type(s) for *: 'Tensor' and 'NoneType'
Traceback:
Traceback (most recent call last):
  File "/root/scope/src/scope/core/pipelines/krea_realtime_video/modular_blocks.py", line 179, in __call__
    pipeline, state = block(pipeline, state)
                      ^^^^^^^^^^^^^^^^^^^^^^
  File "/root/scope/.venv-b300-cu130-decode/lib/python3.12/site-packages/torch/utils/_contextlib.py", line 120, in decorate_context
    return func(*args, **kwargs)
           ^^^^^^^^^^^^^^^^^^^^^
  File "/root/scope/.venv-b300-cu130-decode/lib/python3.12/site-packages/diffusers/modular_pipelines/modular_pipeline.py", line 646, in __call__
    return block(pipeline, state)
           ^^^^^^^^^^^^^^^^^^^^^^
  File "/root/scope/.venv-b300-cu130-decode/lib/python3.12/site-packages/torch/utils/_contextlib.py", line 120, in decorate_context
    return func(*args, **kwargs)
           ^^^^^^^^^^^^^^^^^^^^^
  File "/root/scope/src/scope/core/pipelines/wan2_1/blocks/prepare_video_latents.py", line 104, in __call__
    block_state.latents = noise * block_state.noise_scale + latents * (
                          ~~~~~~^~~~~~~~~~~~~~~~~~~~~~~~~
TypeError: unsupported operand type(s) for *: 'Tensor' and 'NoneType'

Warning: Could not load sageattention: No module named 'sageattention'
sageattention package is not installed
SAGEATTN_AVAILABLE: False
TRITON_ROTARY_AVAILABLE: True, USE_TRITON_ROTARY: True
TRITON_ROPE_FUSED_AVAILABLE: True, USE_TRITON_ROPE_FUSED: True
CUDA device: NVIDIA B300 SXM6 AC
Compute capability: (10, 3)
torch: 2.9.0+cu130 (cuda=13.0)
cudnn.benchmark: False
Loaded diffusion model in 0.076206s
Loaded text encoder in 0.314347s
Loaded VAE in 0.130s
Warmed up (3 runs) in 15.09s
Pre-warm (outside timing): 1 iteration(s)
Traceback (most recent call last):
  File "/root/scope/scripts/profile_krea_pipeline_blocks.py", line 364, in <module>
    raise SystemExit(main())
                     ^^^^^^
  File "/root/scope/scripts/profile_krea_pipeline_blocks.py", line 288, in main
    pipeline(**call_kwargs)
  File "/root/scope/src/scope/core/pipelines/krea_realtime_video/pipeline.py", line 300, in __call__
    return self._generate(**kwargs)
           ^^^^^^^^^^^^^^^^^^^^^^^^
  File "/root/scope/src/scope/core/pipelines/krea_realtime_video/pipeline.py", line 331, in _generate
    _, self.state = self.blocks(self.components, self.state)
                    ^^^^^^^^^^^^^^^^^^^^^^^^^^^^^^^^^^^^^^^^
  File "/root/scope/.venv-b300-cu130-decode/lib/python3.12/site-packages/torch/utils/_contextlib.py", line 120, in decorate_context
    return func(*args, **kwargs)
           ^^^^^^^^^^^^^^^^^^^^^
  File "/root/scope/src/scope/core/pipelines/krea_realtime_video/modular_blocks.py", line 179, in __call__
    pipeline, state = block(pipeline, state)
                      ^^^^^^^^^^^^^^^^^^^^^^
  File "/root/scope/.venv-b300-cu130-decode/lib/python3.12/site-packages/torch/utils/_contextlib.py", line 120, in decorate_context
    return func(*args, **kwargs)
           ^^^^^^^^^^^^^^^^^^^^^
  File "/root/scope/.venv-b300-cu130-decode/lib/python3.12/site-packages/diffusers/modular_pipelines/modular_pipeline.py", line 646, in __call__
    return block(pipeline, state)
           ^^^^^^^^^^^^^^^^^^^^^^
  File "/root/scope/.venv-b300-cu130-decode/lib/python3.12/site-packages/torch/utils/_contextlib.py", line 120, in decorate_context
    return func(*args, **kwargs)
           ^^^^^^^^^^^^^^^^^^^^^
  File "/root/scope/src/scope/core/pipelines/wan2_1/blocks/prepare_video_latents.py", line 104, in __call__
    block_state.latents = noise * block_state.noise_scale + latents * (
                          ~~~~~~^~~~~~~~~~~~~~~~~~~~~~~~~
TypeError: unsupported operand type(s) for *: 'Tensor' and 'NoneType'
