Modular Diffusers is currently an experimental feature under active development. The API is subject to breaking changes in future releases.
Skipping import of cpp extensions due to incompatible torch version 2.9.0+cu130 for torchao version 0.15.0+cu130             Please see https://github.com/pytorch/ao/issues/2919 for more info
Fetching 6 files:   0%|          | 0/6 [00:00<?, ?it/s]Fetching 6 files: 100%|██████████| 6/6 [00:00<00:00, 4969.55it/s]
KV-bias enabled (bias=0.3) using backend=fa4 (fa4_available=True, triton_kernel_b=False)
Warning: Could not load sageattention: No module named 'sageattention'
sageattention package is not installed
SAGEATTN_AVAILABLE: False
TRITON_ROTARY_AVAILABLE: True, USE_TRITON_ROTARY: True
TRITON_ROPE_FUSED_AVAILABLE: True, USE_TRITON_ROPE_FUSED: True
CUDA device: NVIDIA B300 SXM6 AC
Compute capability: (10, 3)
torch: 2.9.0+cu130 (cuda=13.0)
cudnn.benchmark: True
Loaded diffusion model in 0.610050s
Loaded text encoder in 0.530617s
Loaded VAE in 0.764s
Warmed up (3 runs) in 12.32s
iter=000 frames=  9 seconds=0.4378 fps=20.56
iter=001 frames= 12 seconds=0.4896 fps=24.51
iter=002 frames= 12 seconds=0.5000 fps=24.00
iter=003 frames= 12 seconds=0.4980 fps=24.10

Avg FPS (skip=1): 24.20
Wrote per-iter JSON: outputs/b300_cu130_none_bias0.3_drilldown_2025-12-27_resume_perf.json
=== Attention Profiling Report ===
  self_attn: 675.0ms (39.2%) [600 calls, 1.13ms/call]
  ffn: 305.3ms (17.7%) [600 calls, 0.51ms/call]
  cross_attn: 201.4ms (11.7%) [600 calls, 0.34ms/call]
  self_attn_kv_bias_fa4: 195.6ms (11.4%) [480 calls, 0.41ms/call]
  qkv_projection: 165.3ms (9.6%) [600 calls, 0.28ms/call]
  output_projection: 65.3ms (3.8%) [600 calls, 0.11ms/call]
  rope_apply: 53.5ms (3.1%) [480 calls, 0.11ms/call]
  self_attn_block_mask: 32.8ms (1.9%) [120 calls, 0.27ms/call]
  cache_update: 28.5ms (1.7%) [480 calls, 0.06ms/call]
  TOTAL: 1722.7ms
=== Transformer Block Split (top-level) ===
  self_attn: 675.0ms (57.1%)
  cross_attn: 201.4ms (17.0%)
  ffn: 305.3ms (25.8%)
=== p_bias vs p_recompute ===
  p_bias (Kernel B):     85.6%
  p_recompute (Kernel A): 14.4%
  p_plain (FA path):     0.0%
=== self_attn Breakdown (nested) ===
  kv_bias_total:   195.6ms (29.0% of self_attn)
  block_mask:      32.8ms (4.9% of self_attn)
  plain_kv:        0.0ms (0.0% of self_attn)
  other_in_self:   446.7ms (66.2% of self_attn)
