Modular Diffusers is currently an experimental feature under active development. The API is subject to breaking changes in future releases.
Skipping import of cpp extensions due to incompatible torch version 2.9.0+cu130 for torchao version 0.13.0
Fetching 6 files:   0%|          | 0/6 [00:00<?, ?it/s]Fetching 6 files: 100%|██████████| 6/6 [00:00<00:00, 128397.06it/s]
/root/scope/.venv-b300-cu130-decode/lib/python3.12/site-packages/torch/__init__.py:1617: UserWarning: Please use the new API settings to control TF32 behavior, such as torch.backends.cudnn.conv.fp32_precision = 'tf32' or torch.backends.cuda.matmul.fp32_precision = 'ieee'. Old settings, e.g, torch.backends.cuda.matmul.allow_tf32 = True, torch.backends.cudnn.allow_tf32 = True, allowTF32CuDNN() and allowTF32CuBLAS() will be deprecated after Pytorch 2.9. Please see https://pytorch.org/docs/main/notes/cuda.html#tensorfloat-32-tf32-on-ampere-and-later-devices (Triggered internally at /pytorch/aten/src/ATen/Context.cpp:80.)
  _C._set_float32_matmul_precision(precision)
=== Attention Profiling Report ===
  self_attn: 4482.8ms (43.7%) [1000 calls, 4.48ms/call]
  self_attn_kv_bias_flash: 3039.3ms (29.6%) [840 calls, 3.62ms/call]
  ffn: 767.2ms (7.5%) [1000 calls, 0.77ms/call]
  cross_attn: 766.2ms (7.5%) [1000 calls, 0.77ms/call]
  qkv_projection: 514.1ms (5.0%) [1000 calls, 0.51ms/call]
  rope_apply: 311.0ms (3.0%) [840 calls, 0.37ms/call]
  output_projection: 267.4ms (2.6%) [1000 calls, 0.27ms/call]
  cache_update: 63.0ms (0.6%) [840 calls, 0.07ms/call]
  self_attn_block_mask: 47.3ms (0.5%) [160 calls, 0.30ms/call]
  TOTAL: 10258.3ms
=== p_bias vs p_recompute ===
  p_bias (Kernel B):     98.5%
  p_recompute (Kernel A): 1.5%
  p_plain (FA path):     0.0%
Warning: Could not load sageattention: No module named 'sageattention'
sageattention package is not installed
SAGEATTN_AVAILABLE: False
TRITON_ROTARY_AVAILABLE: True, USE_TRITON_ROTARY: True
TRITON_ROPE_FUSED_AVAILABLE: True, USE_TRITON_ROPE_FUSED: True
CUDA device: NVIDIA B300 SXM6 AC
Compute capability: (10, 3)
torch: 2.9.0+cu130 (cuda=13.0)
cudnn.benchmark: True
Loaded diffusion model in 0.077348s
Quantized diffusion model to fp8 in 2.325s
Loaded text encoder in 0.304944s
Loaded VAE in 0.132s
Warmed up (3 runs) in 6.83s
iter=000 frames=  9 seconds=0.8580 fps=10.49
iter=001 frames= 12 seconds=1.0288 fps=11.66
iter=002 frames= 12 seconds=1.0622 fps=11.30
iter=003 frames= 12 seconds=1.0606 fps=11.31
iter=004 frames= 12 seconds=1.0601 fps=11.32
iter=005 frames= 12 seconds=1.0526 fps=11.40

Avg FPS (skip=2): 11.33
Wrote per-iter JSON: outputs/b300_cu130_fp8_bias03_drilldown_flash2_perf.json
=== Attention Profiling Report ===
  self_attn: 5874.7ms (42.1%) [1720 calls, 3.42ms/call]
  self_attn_kv_bias_flash: 3586.8ms (25.7%) [1440 calls, 2.49ms/call]
  ffn: 1316.0ms (9.4%) [1720 calls, 0.77ms/call]
  cross_attn: 1295.8ms (9.3%) [1720 calls, 0.75ms/call]
  qkv_projection: 880.3ms (6.3%) [1720 calls, 0.51ms/call]
  output_projection: 456.5ms (3.3%) [1720 calls, 0.27ms/call]
  rope_apply: 382.6ms (2.7%) [1440 calls, 0.27ms/call]
  cache_update: 93.1ms (0.7%) [1440 calls, 0.06ms/call]
  self_attn_block_mask: 82.9ms (0.6%) [280 calls, 0.30ms/call]
  TOTAL: 13968.8ms
=== p_bias vs p_recompute ===
  p_bias (Kernel B):     97.7%
  p_recompute (Kernel A): 2.3%
  p_plain (FA path):     0.0%
