Modular Diffusers is currently an experimental feature under active development. The API is subject to breaking changes in future releases.
Skipping import of cpp extensions due to incompatible torch version 2.9.0+cu130 for torchao version 0.15.0+cu130             Please see https://github.com/pytorch/ao/issues/2919 for more info
Fetching 6 files:   0%|          | 0/6 [00:00<?, ?it/s]Fetching 6 files: 100%|██████████| 6/6 [00:00<00:00, 129720.74it/s]
KV-bias enabled (bias=0.3) using backend=fa4 (fa4_available=True, triton_kernel_b=False)
Warning: Could not load sageattention: No module named 'sageattention'
sageattention package is not installed
SAGEATTN_AVAILABLE: False
TRITON_ROTARY_AVAILABLE: True, USE_TRITON_ROTARY: True
TRITON_ROPE_FUSED_AVAILABLE: True, USE_TRITON_ROPE_FUSED: True
CUDA device: NVIDIA B300 SXM6 AC
Compute capability: (10, 3)
torch: 2.9.0+cu130 (cuda=13.0)
cudnn.benchmark: True
Loaded diffusion model in 0.078098s
Loaded text encoder in 0.318300s
Loaded VAE in 0.140s
Warmed up (3 runs) in 8.11s
iter=000 frames=  9 seconds=0.5819 fps=15.47
iter=001 frames= 12 seconds=0.6303 fps=19.04
iter=002 frames= 12 seconds=0.6632 fps=18.09
iter=003 frames= 12 seconds=0.6620 fps=18.13
iter=004 frames= 12 seconds=0.6603 fps=18.17
iter=005 frames= 12 seconds=0.6609 fps=18.16

Avg FPS (skip=2): 18.14
Wrote per-iter JSON: outputs/b300_cu130_none_bias0.3_no_fuseproj_rope_k_to_cache_drilldown_perf.json
=== Attention Profiling Report ===
  self_attn: 963.2ms (41.4%) [800 calls, 1.20ms/call]
  ffn: 400.0ms (17.2%) [800 calls, 0.50ms/call]
  self_attn_kv_bias_fa4: 263.8ms (11.3%) [640 calls, 0.41ms/call]
  cross_attn: 216.3ms (9.3%) [800 calls, 0.27ms/call]
  qkv_projection: 209.1ms (9.0%) [800 calls, 0.26ms/call]
  cache_update: 93.1ms (4.0%) [640 calls, 0.15ms/call]
  output_projection: 85.9ms (3.7%) [800 calls, 0.11ms/call]
  self_attn_block_mask: 47.0ms (2.0%) [160 calls, 0.29ms/call]
  rope_apply: 46.4ms (2.0%) [640 calls, 0.07ms/call]
  TOTAL: 2324.9ms
=== Transformer Block Split (top-level) ===
  self_attn: 963.2ms (61.0%)
  cross_attn: 216.3ms (13.7%)
  ffn: 400.0ms (25.3%)
=== p_bias vs p_recompute ===
  p_bias (Kernel B):     84.9%
  p_recompute (Kernel A): 15.1%
  p_plain (FA path):     0.0%
=== self_attn Breakdown (nested) ===
  kv_bias_total:   263.8ms (27.4% of self_attn)
  block_mask:      47.0ms (4.9% of self_attn)
  plain_kv:        0.0ms (0.0% of self_attn)
  other_in_self:   652.4ms (67.7% of self_attn)
