Modular Diffusers is currently an experimental feature under active development. The API is subject to breaking changes in future releases.
Skipping import of cpp extensions due to incompatible torch version 2.9.0+cu130 for torchao version 0.15.0+cu130             Please see https://github.com/pytorch/ao/issues/2919 for more info
Fetching 6 files:   0%|          | 0/6 [00:00<?, ?it/s]Fetching 6 files: 100%|██████████| 6/6 [00:00<00:00, 131072.00it/s]
Warning: Could not load sageattention: No module named 'sageattention'
sageattention package is not installed
SAGEATTN_AVAILABLE: False
TRITON_ROTARY_AVAILABLE: True, USE_TRITON_ROTARY: True
TRITON_ROPE_FUSED_AVAILABLE: True, USE_TRITON_ROPE_FUSED: True
CUDA device: NVIDIA B300 SXM6 AC
Compute capability: (10, 3)
torch: 2.9.0+cu130 (cuda=13.0)
cudnn.benchmark: True
Loaded diffusion model in 0.077421s
Loaded text encoder in 0.317409s
Loaded VAE in 0.135s
Warmed up (3 runs) in 17.32s
iter=000 frames=  9 seconds=0.3177 fps=28.32
iter=001 frames= 12 seconds=0.3434 fps=34.94
iter=002 frames= 12 seconds=0.3532 fps=33.98
iter=003 frames= 12 seconds=0.3518 fps=34.11
iter=004 frames= 12 seconds=0.3495 fps=34.33
iter=005 frames= 12 seconds=0.3491 fps=34.38
iter=006 frames= 12 seconds=0.3459 fps=34.69
iter=007 frames= 12 seconds=0.3470 fps=34.58
iter=008 frames= 12 seconds=0.3453 fps=34.75
iter=009 frames= 12 seconds=0.3512 fps=34.17

Avg FPS (skip=3): 34.43
