Modular Diffusers is currently an experimental feature under active development. The API is subject to breaking changes in future releases.
Skipping import of cpp extensions due to incompatible torch version 2.9.0+cu130 for torchao version 0.15.0+cu130             Please see https://github.com/pytorch/ao/issues/2919 for more info
Fetching 6 files:   0%|          | 0/6 [00:00<?, ?it/s]Fetching 6 files: 100%|██████████| 6/6 [00:00<00:00, 124583.29it/s]
Warning: Could not load sageattention: No module named 'sageattention'
sageattention package is not installed
SAGEATTN_AVAILABLE: False
TRITON_ROTARY_AVAILABLE: True, USE_TRITON_ROTARY: True
TRITON_ROPE_FUSED_AVAILABLE: True, USE_TRITON_ROPE_FUSED: True
CUDA device: NVIDIA B300 SXM6 AC
Compute capability: (10, 3)
torch: 2.9.0+cu130 (cuda=13.0)
cudnn.benchmark: True
Loaded diffusion model in 0.077714s
Loaded text encoder in 0.345179s
Loaded VAE in 0.135s
Warmed up (3 runs) in 15.79s
iter=000 frames=  9 seconds=0.3792 fps=23.73
iter=001 frames= 12 seconds=0.3812 fps=31.48
iter=002 frames= 12 seconds=0.3920 fps=30.61
iter=003 frames= 12 seconds=0.3942 fps=30.44
iter=004 frames= 12 seconds=0.3911 fps=30.69
iter=005 frames= 12 seconds=0.3877 fps=30.95

Avg FPS (skip=2): 30.67
