Modular Diffusers is currently an experimental feature under active development. The API is subject to breaking changes in future releases.
Skipping import of cpp extensions due to incompatible torch version 2.9.0+cu130 for torchao version 0.15.0             Please see https://github.com/pytorch/ao/issues/2919 for more info
/root/scope/.venv-b300-cu130-decode/lib/python3.12/site-packages/torch/nn/attention/flex_attention.py:1687: UserWarning: flex_attention called without torch.compile() - this will use an unfused implementation that materializes the full scores matrix instead of generating a fused kernel.

SOLUTION: Use torch.compile(flex_attention)(...)

If you want to debug your score_mod/mask_mod, you can set:
torch.nn.attention.flex_attention._FLEX_ATTENTION_DISABLE_COMPILE_DEBUG = True

This will allow you to use print statements or breakpoints. Note: This doesn't work with the backwards pass and may produce incorrect results.
  _warn_once(
WARNING:scope.core.pipelines.krea_realtime_video.modules.causal_model:KV-bias flash backend failed; falling back to Triton: No module named 'flash_attn'
Warning: Could not load sageattention: No module named 'sageattention'
sageattention package is not installed
SAGEATTN_AVAILABLE: False
TRITON_ROTARY_AVAILABLE: True, USE_TRITON_ROTARY: True
TRITON_ROPE_FUSED_AVAILABLE: True, USE_TRITON_ROPE_FUSED: True
CUDA device: NVIDIA B300 SXM6 AC
Compute capability: (10, 3)
torch: 2.9.0+cu130 (cuda=13.0)
cudnn.benchmark: True
Loaded diffusion model in 0.078974s
Loaded text encoder in 0.447240s
Loaded VAE in 0.135s
Warmed up (3 runs) in 124.09s
iter=000 frames=  9 seconds=43.0414 fps=0.21
iter=001 frames= 12 seconds=11.3008 fps=1.06
iter=002 frames= 12 seconds=11.3264 fps=1.06
iter=003 frames= 12 seconds=11.3214 fps=1.06

Avg FPS (skip=1): 1.06
Wrote per-iter JSON: outputs/b300_cu130_qnone_bias03_perf_rerun.json
