Modular Diffusers is currently an experimental feature under active development. The API is subject to breaking changes in future releases.
Fetching 6 files:   0%|          | 0/6 [00:00<?, ?it/s]Fetching 6 files: 100%|██████████| 6/6 [00:00<00:00, 133860.77it/s]
AUTOTUNE flex_attention(1x40x2176x128, 1x40x2176x128, 1x40x2176x128, 1x40x2176, 1x1x17, 1x1x17x17, 1x1x17, 1x1x17x17, 2176)
strides: [11141120, 278528, 128, 1], [11141120, 278528, 128, 1], [11141120, 278528, 128, 1], [87040, 2176, 1], [17, 17, 1], [289, 289, 17, 1], [17, 17, 1], [289, 289, 17, 1], [1]
dtypes: torch.bfloat16, torch.bfloat16, torch.bfloat16, torch.float32, torch.int32, torch.int32, torch.int32, torch.int32, torch.int64
  triton_flex_attention_5 0.5089 ms 100.0% BLOCKS_ARE_CONTIGUOUS=True, BLOCK_M=128, BLOCK_N=64, FLOAT32_PRECISION="'tf32'", GQA_SHARED_HEADS=1, HAS_FULL_BLOCKS=True, IS_DIVISIBLE=True, OUTPUT_LOGSUMEXP=False, PRESCALE_QK=False, QK_HEAD_DIM=128, QK_HEAD_DIM_ROUNDED=128, ROWS_GUARANTEED_SAFE=False, SAFE_HEAD_DIM=True, SM_SCALE=0.08838834764831843, SPARSE_KV_BLOCK_SIZE=128, SPARSE_Q_BLOCK_SIZE=128, USE_TMA=False, V_HEAD_DIM=128, V_HEAD_DIM_ROUNDED=128, WRITE_DQ=True, num_stages=3, num_warps=8
  triton_flex_attention_2 0.5437 ms 93.6% BLOCKS_ARE_CONTIGUOUS=True, BLOCK_M=128, BLOCK_N=128, FLOAT32_PRECISION="'tf32'", GQA_SHARED_HEADS=1, HAS_FULL_BLOCKS=True, IS_DIVISIBLE=True, OUTPUT_LOGSUMEXP=False, PRESCALE_QK=False, QK_HEAD_DIM=128, QK_HEAD_DIM_ROUNDED=128, ROWS_GUARANTEED_SAFE=False, SAFE_HEAD_DIM=True, SM_SCALE=0.08838834764831843, SPARSE_KV_BLOCK_SIZE=128, SPARSE_Q_BLOCK_SIZE=128, USE_TMA=False, V_HEAD_DIM=128, V_HEAD_DIM_ROUNDED=128, WRITE_DQ=True, num_stages=2, num_warps=8
  triton_flex_attention_0 0.6061 ms 84.0% BLOCKS_ARE_CONTIGUOUS=True, BLOCK_M=128, BLOCK_N=64, FLOAT32_PRECISION="'tf32'", GQA_SHARED_HEADS=1, HAS_FULL_BLOCKS=True, IS_DIVISIBLE=True, OUTPUT_LOGSUMEXP=False, PRESCALE_QK=False, QK_HEAD_DIM=128, QK_HEAD_DIM_ROUNDED=128, ROWS_GUARANTEED_SAFE=False, SAFE_HEAD_DIM=True, SM_SCALE=0.08838834764831843, SPARSE_KV_BLOCK_SIZE=128, SPARSE_Q_BLOCK_SIZE=128, USE_TMA=False, V_HEAD_DIM=128, V_HEAD_DIM_ROUNDED=128, WRITE_DQ=True, num_stages=3, num_warps=4
  triton_flex_attention_4 0.7495 ms 67.9% BLOCKS_ARE_CONTIGUOUS=True, BLOCK_M=64, BLOCK_N=64, FLOAT32_PRECISION="'tf32'", GQA_SHARED_HEADS=1, HAS_FULL_BLOCKS=True, IS_DIVISIBLE=True, OUTPUT_LOGSUMEXP=False, PRESCALE_QK=False, QK_HEAD_DIM=128, QK_HEAD_DIM_ROUNDED=128, ROWS_GUARANTEED_SAFE=False, SAFE_HEAD_DIM=True, SM_SCALE=0.08838834764831843, SPARSE_KV_BLOCK_SIZE=128, SPARSE_Q_BLOCK_SIZE=128, USE_TMA=False, V_HEAD_DIM=128, V_HEAD_DIM_ROUNDED=128, WRITE_DQ=True, num_stages=3, num_warps=4
  triton_flex_attention_3 0.8067 ms 63.1% BLOCKS_ARE_CONTIGUOUS=True, BLOCK_M=64, BLOCK_N=128, FLOAT32_PRECISION="'tf32'", GQA_SHARED_HEADS=1, HAS_FULL_BLOCKS=True, IS_DIVISIBLE=True, OUTPUT_LOGSUMEXP=False, PRESCALE_QK=False, QK_HEAD_DIM=128, QK_HEAD_DIM_ROUNDED=128, ROWS_GUARANTEED_SAFE=False, SAFE_HEAD_DIM=True, SM_SCALE=0.08838834764831843, SPARSE_KV_BLOCK_SIZE=128, SPARSE_Q_BLOCK_SIZE=128, USE_TMA=False, V_HEAD_DIM=128, V_HEAD_DIM_ROUNDED=128, WRITE_DQ=True, num_stages=3, num_warps=4
  triton_flex_attention_1 1.1203 ms 45.4% BLOCKS_ARE_CONTIGUOUS=True, BLOCK_M=128, BLOCK_N=128, FLOAT32_PRECISION="'tf32'", GQA_SHARED_HEADS=1, HAS_FULL_BLOCKS=True, IS_DIVISIBLE=True, OUTPUT_LOGSUMEXP=False, PRESCALE_QK=False, QK_HEAD_DIM=128, QK_HEAD_DIM_ROUNDED=128, ROWS_GUARANTEED_SAFE=False, SAFE_HEAD_DIM=True, SM_SCALE=0.08838834764831843, SPARSE_KV_BLOCK_SIZE=128, SPARSE_Q_BLOCK_SIZE=128, USE_TMA=False, V_HEAD_DIM=128, V_HEAD_DIM_ROUNDED=128, WRITE_DQ=True, num_stages=3, num_warps=4
SingleProcess AUTOTUNE benchmarking takes 0.1994 seconds and 4.1649 seconds precompiling for 6 choices
Warning: Could not load sageattention: No module named 'sageattention'
sageattention package is not installed
SAGEATTN_AVAILABLE: False
TRITON_ROTARY_AVAILABLE: True, USE_TRITON_ROTARY: True
TRITON_ROPE_FUSED_AVAILABLE: True, USE_TRITON_ROPE_FUSED: True
CUDA device: NVIDIA B300 SXM6 AC
Compute capability: (10, 3)
torch: 2.8.0+cu128 (cuda=12.8)
Loaded diffusion model in 0.075886s
Quantized diffusion model to fp8 in 2.363s
Loaded text encoder in 0.328083s
Loaded VAE in 0.139s
Warmed up (3 runs) in 14.66s
iter=000 frames=  9 seconds=1.1986 fps=7.51
iter=001 frames= 12 seconds=1.5652 fps=7.67
iter=002 frames= 12 seconds=1.6278 fps=7.37
iter=003 frames= 12 seconds=1.6289 fps=7.37

Avg FPS (skip=1): 7.47
Exception ignored in atexit callback: <function move_cutlass_compiled_cache at 0x7d2570c53420>
Traceback (most recent call last):
  File "/root/scope/.venv/lib/python3.12/site-packages/torch/_inductor/codegen/cuda/cutlass_utils.py", line 39, in move_cutlass_compiled_cache
    if not os.path.exists(cutlass.CACHE_FILE):
                          ^^^^^^^^^^^^^^^^^^
AttributeError: module 'cutlass' has no attribute 'CACHE_FILE'
