Modular Diffusers is currently an experimental feature under active development. The API is subject to breaking changes in future releases.
Skipping import of cpp extensions due to incompatible torch version 2.9.0+cu130 for torchao version 0.15.0+cu130             Please see https://github.com/pytorch/ao/issues/2919 for more info
Fetching 6 files:   0%|          | 0/6 [00:00<?, ?it/s]Fetching 6 files: 100%|██████████| 6/6 [00:00<00:00, 127100.12it/s]
Warning: Could not load sageattention: No module named 'sageattention'
sageattention package is not installed
SAGEATTN_AVAILABLE: False
TRITON_ROTARY_AVAILABLE: True, USE_TRITON_ROTARY: True
TRITON_ROPE_FUSED_AVAILABLE: True, USE_TRITON_ROPE_FUSED: True
CUDA device: NVIDIA B300 SXM6 AC
Compute capability: (10, 3)
torch: 2.9.0+cu130 (cuda=13.0)
cudnn.benchmark: True
Loaded diffusion model in 0.078595s
Loaded text encoder in 0.317932s
Loaded VAE in 0.136s
Warmed up (3 runs) in 17.26s
iter=000 frames=  9 seconds=0.3196 fps=28.16
iter=001 frames= 12 seconds=0.3404 fps=35.25
iter=002 frames= 12 seconds=0.3527 fps=34.02
iter=003 frames= 12 seconds=0.3506 fps=34.23
iter=004 frames= 12 seconds=0.3492 fps=34.36
iter=005 frames= 12 seconds=0.3458 fps=34.70
iter=006 frames= 12 seconds=0.3462 fps=34.67
iter=007 frames= 12 seconds=0.3443 fps=34.86
iter=008 frames= 12 seconds=0.3410 fps=35.19
iter=009 frames= 12 seconds=0.3476 fps=34.52

Avg FPS (skip=3): 34.65
